[ 2016-10-26T12:30:39+08:00 ] 192.168.0.114 /OralEduServer/index.php/Home/User/UserLogin
INFO: [ app_init ] --START--
INFO: Run Behavior\BuildLiteBehavior [ RunTime:0.000030s ]
INFO: [ app_init ] --END-- [ RunTime:0.002113s ]
INFO: [ app_begin ] --START--
INFO: Run Behavior\ReadHtmlCacheBehavior [ RunTime:0.001142s ]
INFO: [ app_begin ] --END-- [ RunTime:0.001229s ]
SQL: SHOW COLUMNS FROM `oe_user` [ RunTime:0.0353s ]
SQL: SELECT * FROM `oe_user` WHERE `user_moblie` = '15510922836' LIMIT 1   [ RunTime:0.0062s ]
INFO: [ app_end ] --START--
INFO: Run Behavior\ShowPageTraceBehavior [ RunTime:0.001549s ]
INFO: [ app_end ] --END-- [ RunTime:0.001640s ]

[ 2016-10-26T12:30:45+08:00 ] 192.168.0.114 /OralEduServer/index.php/Home/User/UserLogin
INFO: [ app_init ] --START--
INFO: Run Behavior\BuildLiteBehavior [ RunTime:0.000008s ]
INFO: [ app_init ] --END-- [ RunTime:0.000214s ]
INFO: [ app_begin ] --START--
INFO: Run Behavior\ReadHtmlCacheBehavior [ RunTime:0.000225s ]
INFO: [ app_begin ] --END-- [ RunTime:0.000247s ]
SQL: SHOW COLUMNS FROM `oe_user` [ RunTime:0.0016s ]
SQL: SELECT * FROM `oe_user` WHERE `user_moblie` = '15510922836' LIMIT 1   [ RunTime:0.0004s ]
INFO: [ app_end ] --START--
INFO: Run Behavior\ShowPageTraceBehavior [ RunTime:0.000462s ]
INFO: [ app_end ] --END-- [ RunTime:0.000494s ]

[ 2016-10-26T12:30:45+08:00 ] 192.168.0.114 /OralEduServer/index.php/Home/UserHomepage/HomepageShow?
INFO: [ app_init ] --START--
INFO: Run Behavior\BuildLiteBehavior [ RunTime:0.000009s ]
INFO: [ app_init ] --END-- [ RunTime:0.000278s ]
INFO: [ app_begin ] --START--
INFO: Run Behavior\ReadHtmlCacheBehavior [ RunTime:0.000348s ]
INFO: [ app_begin ] --END-- [ RunTime:0.000386s ]
SQL: SHOW COLUMNS FROM `oe_user` [ RunTime:0.0033s ]
SQL: SELECT * FROM `oe_user` WHERE `user_moblie` = '15510922836' LIMIT 1   [ RunTime:0.0005s ]
INFO: [ app_end ] --START--
INFO: Run Behavior\ShowPageTraceBehavior [ RunTime:0.000467s ]
INFO: [ app_end ] --END-- [ RunTime:0.000505s ]

[ 2016-10-26T12:30:45+08:00 ] 192.168.0.114 /OralEduServer/index.php/Home/UserHomepage/HomepageShow?
INFO: [ app_init ] --START--
INFO: Run Behavior\BuildLiteBehavior [ RunTime:0.000014s ]
INFO: [ app_init ] --END-- [ RunTime:0.000348s ]
INFO: [ app_begin ] --START--
INFO: Run Behavior\ReadHtmlCacheBehavior [ RunTime:0.000373s ]
INFO: [ app_begin ] --END-- [ RunTime:0.000409s ]
SQL: SHOW COLUMNS FROM `oe_user` [ RunTime:0.0015s ]
SQL: SELECT * FROM `oe_user` WHERE `user_moblie` = '15510922836' LIMIT 1   [ RunTime:0.0003s ]
INFO: [ app_end ] --START--
INFO: Run Behavior\ShowPageTraceBehavior [ RunTime:0.000307s ]
INFO: [ app_end ] --END-- [ RunTime:0.000327s ]

[ 2016-10-26T12:30:45+08:00 ] 192.168.0.114 /OralEduServer/index.php/Home/Contact/UserContact?
INFO: [ app_init ] --START--
INFO: Run Behavior\BuildLiteBehavior [ RunTime:0.000010s ]
INFO: [ app_init ] --END-- [ RunTime:0.000303s ]
INFO: [ app_begin ] --START--
INFO: Run Behavior\ReadHtmlCacheBehavior [ RunTime:0.000398s ]
INFO: [ app_begin ] --END-- [ RunTime:0.000438s ]
SQL: SHOW COLUMNS FROM `oe_contacts` [ RunTime:0.0017s ]
SQL: SELECT * FROM `oe_contacts` WHERE `user_moblie` = '15510922836'  [ RunTime:0.0005s ]
SQL: SHOW COLUMNS FROM `oe_user` [ RunTime:0.0010s ]
SQL: SELECT * FROM `oe_user` WHERE `user_moblie` = '12345678901' LIMIT 1   [ RunTime:0.0003s ]
SQL: SELECT * FROM `oe_user` WHERE `user_moblie` = '12345678902' LIMIT 1   [ RunTime:0.0002s ]
INFO: [ app_end ] --START--
INFO: Run Behavior\ShowPageTraceBehavior [ RunTime:0.000337s ]
INFO: [ app_end ] --END-- [ RunTime:0.000357s ]

[ 2016-10-26T12:30:56+08:00 ] 192.168.0.112 /OralEduServer/index.php/Home/User/UserLogin
INFO: [ app_init ] --START--
INFO: Run Behavior\BuildLiteBehavior [ RunTime:0.000009s ]
INFO: [ app_init ] --END-- [ RunTime:0.000232s ]
INFO: [ app_begin ] --START--
INFO: Run Behavior\ReadHtmlCacheBehavior [ RunTime:0.000264s ]
INFO: [ app_begin ] --END-- [ RunTime:0.000288s ]
SQL: SHOW COLUMNS FROM `oe_user` [ RunTime:0.0019s ]
SQL: SELECT * FROM `oe_user` WHERE `user_moblie` = '12345678901' LIMIT 1   [ RunTime:0.0003s ]
INFO: [ app_end ] --START--
INFO: Run Behavior\ShowPageTraceBehavior [ RunTime:0.000311s ]
INFO: [ app_end ] --END-- [ RunTime:0.000331s ]

[ 2016-10-26T12:31:02+08:00 ] 192.168.0.112 /OralEduServer/index.php/Home/User/UserLogin
INFO: [ app_init ] --START--
INFO: Run Behavior\BuildLiteBehavior [ RunTime:0.000010s ]
INFO: [ app_init ] --END-- [ RunTime:0.000234s ]
INFO: [ app_begin ] --START--
INFO: Run Behavior\ReadHtmlCacheBehavior [ RunTime:0.000249s ]
INFO: [ app_begin ] --END-- [ RunTime:0.000275s ]
SQL: SHOW COLUMNS FROM `oe_user` [ RunTime:0.0020s ]
SQL: SELECT * FROM `oe_user` WHERE `user_moblie` = '12345678901' LIMIT 1   [ RunTime:0.0003s ]
INFO: [ app_end ] --START--
INFO: Run Behavior\ShowPageTraceBehavior [ RunTime:0.000310s ]
INFO: [ app_end ] --END-- [ RunTime:0.000330s ]

[ 2016-10-26T12:31:06+08:00 ] 192.168.0.112 /OralEduServer/index.php/Home/User/UserLogin
INFO: [ app_init ] --START--
INFO: Run Behavior\BuildLiteBehavior [ RunTime:0.000011s ]
INFO: [ app_init ] --END-- [ RunTime:0.000298s ]
INFO: [ app_begin ] --START--
INFO: Run Behavior\ReadHtmlCacheBehavior [ RunTime:0.000371s ]
INFO: [ app_begin ] --END-- [ RunTime:0.000416s ]
SQL: SHOW COLUMNS FROM `oe_user` [ RunTime:0.0027s ]
SQL: SELECT * FROM `oe_user` WHERE `user_moblie` = '12345678901' LIMIT 1   [ RunTime:0.0005s ]
INFO: [ app_end ] --START--
INFO: Run Behavior\ShowPageTraceBehavior [ RunTime:0.000482s ]
INFO: [ app_end ] --END-- [ RunTime:0.000519s ]

[ 2016-10-26T12:31:27+08:00 ] 192.168.0.112 /OralEduServer/index.php/Home/User/UserLogin
INFO: [ app_init ] --START--
INFO: Run Behavior\BuildLiteBehavior [ RunTime:0.000007s ]
INFO: [ app_init ] --END-- [ RunTime:0.000394s ]
INFO: [ app_begin ] --START--
INFO: Run Behavior\ReadHtmlCacheBehavior [ RunTime:0.000451s ]
INFO: [ app_begin ] --END-- [ RunTime:0.000481s ]
SQL: SHOW COLUMNS FROM `oe_user` [ RunTime:0.0013s ]
SQL: SELECT * FROM `oe_user` WHERE `user_moblie` = '12345678901' LIMIT 1   [ RunTime:0.0004s ]
INFO: [ app_end ] --START--
INFO: Run Behavior\ShowPageTraceBehavior [ RunTime:0.000590s ]
INFO: [ app_end ] --END-- [ RunTime:0.000628s ]

[ 2016-10-26T12:31:27+08:00 ] 192.168.0.112 /OralEduServer/index.php/Home/UserHomepage/HomepageShow?
INFO: [ app_init ] --START--
INFO: Run Behavior\BuildLiteBehavior [ RunTime:0.000006s ]
INFO: [ app_init ] --END-- [ RunTime:0.000174s ]
INFO: [ app_begin ] --START--
INFO: Run Behavior\ReadHtmlCacheBehavior [ RunTime:0.000264s ]
INFO: [ app_begin ] --END-- [ RunTime:0.000290s ]
SQL: SHOW COLUMNS FROM `oe_user` [ RunTime:0.0014s ]
SQL: SELECT * FROM `oe_user` WHERE `user_moblie` = '12345678901' LIMIT 1   [ RunTime:0.0003s ]
INFO: [ app_end ] --START--
INFO: Run Behavior\ShowPageTraceBehavior [ RunTime:0.000320s ]
INFO: [ app_end ] --END-- [ RunTime:0.000341s ]

[ 2016-10-26T12:31:27+08:00 ] 192.168.0.112 /OralEduServer/index.php/Home/UserHomepage/HomepageShow?
INFO: [ app_init ] --START--
INFO: Run Behavior\BuildLiteBehavior [ RunTime:0.000008s ]
INFO: [ app_init ] --END-- [ RunTime:0.000242s ]
INFO: [ app_begin ] --START--
INFO: Run Behavior\ReadHtmlCacheBehavior [ RunTime:0.000317s ]
INFO: [ app_begin ] --END-- [ RunTime:0.000346s ]
SQL: SHOW COLUMNS FROM `oe_user` [ RunTime:0.0015s ]
SQL: SELECT * FROM `oe_user` WHERE `user_moblie` = '12345678901' LIMIT 1   [ RunTime:0.0005s ]
INFO: [ app_end ] --START--
INFO: Run Behavior\ShowPageTraceBehavior [ RunTime:0.000456s ]
INFO: [ app_end ] --END-- [ RunTime:0.000496s ]

[ 2016-10-26T12:31:27+08:00 ] 192.168.0.112 /OralEduServer/index.php/Home/Contact/UserContact?
INFO: [ app_init ] --START--
INFO: Run Behavior\BuildLiteBehavior [ RunTime:0.000015s ]
INFO: [ app_init ] --END-- [ RunTime:0.000348s ]
INFO: [ app_begin ] --START--
INFO: Run Behavior\ReadHtmlCacheBehavior [ RunTime:0.000486s ]
INFO: [ app_begin ] --END-- [ RunTime:0.000536s ]
SQL: SHOW COLUMNS FROM `oe_contacts` [ RunTime:0.0014s ]
SQL: SELECT * FROM `oe_contacts` WHERE `user_moblie` = '12345678901'  [ RunTime:0.0003s ]
SQL: SHOW COLUMNS FROM `oe_user` [ RunTime:0.0017s ]
SQL: SELECT * FROM `oe_user` WHERE `user_moblie` = '15510922836' LIMIT 1   [ RunTime:0.0005s ]
INFO: [ app_end ] --START--
INFO: Run Behavior\ShowPageTraceBehavior [ RunTime:0.000517s ]
INFO: [ app_end ] --END-- [ RunTime:0.000561s ]

[ 2016-10-26T12:31:38+08:00 ] 192.168.0.114 /OralEduServer/index.php/Home/Userspage/HomepageShow?
INFO: [ app_init ] --START--
INFO: Run Behavior\BuildLiteBehavior [ RunTime:0.000006s ]
INFO: [ app_init ] --END-- [ RunTime:0.000173s ]
INFO: [ app_begin ] --START--
INFO: Run Behavior\ReadHtmlCacheBehavior [ RunTime:0.000218s ]
INFO: [ app_begin ] --END-- [ RunTime:0.000239s ]
SQL: SHOW COLUMNS FROM `oe_user` [ RunTime:0.0011s ]
SQL: SELECT * FROM `oe_user` WHERE `user_moblie` = '12345678901' LIMIT 1   [ RunTime:0.0003s ]
INFO: [ app_end ] --START--
INFO: Run Behavior\ShowPageTraceBehavior [ RunTime:0.000324s ]
INFO: [ app_end ] --END-- [ RunTime:0.000345s ]

[ 2016-10-26T12:31:39+08:00 ] 192.168.0.114 /OralEduServer/index.php/Home/UserHomepage/HomepageShow?
INFO: [ app_init ] --START--
INFO: Run Behavior\BuildLiteBehavior [ RunTime:0.000006s ]
INFO: [ app_init ] --END-- [ RunTime:0.000184s ]
INFO: [ app_begin ] --START--
INFO: Run Behavior\ReadHtmlCacheBehavior [ RunTime:0.000369s ]
INFO: [ app_begin ] --END-- [ RunTime:0.000407s ]
SQL: SHOW COLUMNS FROM `oe_user` [ RunTime:0.0017s ]
SQL: SELECT * FROM `oe_user` WHERE `user_moblie` = '12345678901' LIMIT 1   [ RunTime:0.0005s ]
INFO: [ app_end ] --START--
INFO: Run Behavior\ShowPageTraceBehavior [ RunTime:0.000548s ]
INFO: [ app_end ] --END-- [ RunTime:0.000591s ]

[ 2016-10-26T12:31:39+08:00 ] 192.168.0.112 /OralEduServer/index.php/Home/UserHomepage/HomepageShow?
INFO: [ app_init ] --START--
INFO: Run Behavior\BuildLiteBehavior [ RunTime:0.000007s ]
INFO: [ app_init ] --END-- [ RunTime:0.000258s ]
INFO: [ app_begin ] --START--
INFO: Run Behavior\ReadHtmlCacheBehavior [ RunTime:0.000265s ]
INFO: [ app_begin ] --END-- [ RunTime:0.000291s ]
SQL: SHOW COLUMNS FROM `oe_user` [ RunTime:0.0011s ]
SQL: SELECT * FROM `oe_user` WHERE `user_moblie` = '15510922836' LIMIT 1   [ RunTime:0.0003s ]
INFO: [ app_end ] --START--
INFO: Run Behavior\ShowPageTraceBehavior [ RunTime:0.000299s ]
INFO: [ app_end ] --END-- [ RunTime:0.000318s ]

[ 2016-10-26T12:31:44+08:00 ] 192.168.0.112 /OralEduServer/index.php/Home/Contact/UserContact?
INFO: [ app_init ] --START--
INFO: Run Behavior\BuildLiteBehavior [ RunTime:0.000010s ]
INFO: [ app_init ] --END-- [ RunTime:0.000259s ]
INFO: [ app_begin ] --START--
INFO: Run Behavior\ReadHtmlCacheBehavior [ RunTime:0.000330s ]
INFO: [ app_begin ] --END-- [ RunTime:0.000359s ]
SQL: SHOW COLUMNS FROM `oe_contacts` [ RunTime:0.0020s ]
SQL: SELECT * FROM `oe_contacts` WHERE `user_moblie` = '12345678901'  [ RunTime:0.0003s ]
SQL: SHOW COLUMNS FROM `oe_user` [ RunTime:0.0010s ]
SQL: SELECT * FROM `oe_user` WHERE `user_moblie` = '15510922836' LIMIT 1   [ RunTime:0.0003s ]
INFO: [ app_end ] --START--
INFO: Run Behavior\ShowPageTraceBehavior [ RunTime:0.000299s ]
INFO: [ app_end ] --END-- [ RunTime:0.000318s ]

[ 2016-10-26T12:31:44+08:00 ] 192.168.0.112 /OralEduServer/index.php/Home/UserHomepage/HomepageShow?
INFO: [ app_init ] --START--
INFO: Run Behavior\BuildLiteBehavior [ RunTime:0.000008s ]
INFO: [ app_init ] --END-- [ RunTime:0.000282s ]
INFO: [ app_begin ] --START--
INFO: Run Behavior\ReadHtmlCacheBehavior [ RunTime:0.000341s ]
INFO: [ app_begin ] --END-- [ RunTime:0.000376s ]
SQL: SHOW COLUMNS FROM `oe_user` [ RunTime:0.0016s ]
SQL: SELECT * FROM `oe_user` WHERE `user_moblie` = '12345678901' LIMIT 1   [ RunTime:0.0005s ]
INFO: [ app_end ] --START--
INFO: Run Behavior\ShowPageTraceBehavior [ RunTime:0.000586s ]
INFO: [ app_end ] --END-- [ RunTime:0.000642s ]

[ 2016-10-26T12:34:46+08:00 ] 192.168.0.112 /OralEduServer/index.php/Home/UserHomepage/HomepageShow?
INFO: [ app_init ] --START--
INFO: Run Behavior\BuildLiteBehavior [ RunTime:0.000010s ]
INFO: [ app_init ] --END-- [ RunTime:0.000258s ]
INFO: [ app_begin ] --START--
INFO: Run Behavior\ReadHtmlCacheBehavior [ RunTime:0.000339s ]
INFO: [ app_begin ] --END-- [ RunTime:0.000372s ]
SQL: SHOW COLUMNS FROM `oe_user` [ RunTime:0.0027s ]
SQL: SELECT * FROM `oe_user` WHERE `user_moblie` = '12345678901' LIMIT 1   [ RunTime:0.0005s ]
INFO: [ app_end ] --START--
INFO: Run Behavior\ShowPageTraceBehavior [ RunTime:0.000469s ]
INFO: [ app_end ] --END-- [ RunTime:0.000504s ]

[ 2016-10-26T12:34:46+08:00 ] 192.168.0.112 /OralEduServer/index.php/Home/Contact/UserContact?
INFO: [ app_init ] --START--
INFO: Run Behavior\BuildLiteBehavior [ RunTime:0.000011s ]
INFO: [ app_init ] --END-- [ RunTime:0.000288s ]
INFO: [ app_begin ] --START--
INFO: Run Behavior\ReadHtmlCacheBehavior [ RunTime:0.000550s ]
INFO: [ app_begin ] --END-- [ RunTime:0.000640s ]
SQL: SHOW COLUMNS FROM `oe_contacts` [ RunTime:0.0014s ]
SQL: SELECT * FROM `oe_contacts` WHERE `user_moblie` = '12345678901'  [ RunTime:0.0004s ]
SQL: SHOW COLUMNS FROM `oe_user` [ RunTime:0.0015s ]
SQL: SELECT * FROM `oe_user` WHERE `user_moblie` = '15510922836' LIMIT 1   [ RunTime:0.0005s ]
INFO: [ app_end ] --START--
INFO: Run Behavior\ShowPageTraceBehavior [ RunTime:0.000499s ]
INFO: [ app_end ] --END-- [ RunTime:0.000535s ]

[ 2016-10-26T12:34:48+08:00 ] 192.168.0.114 /OralEduServer/index.php/Home/Contact/UserContact?
INFO: [ app_init ] --START--
INFO: Run Behavior\BuildLiteBehavior [ RunTime:0.000007s ]
INFO: [ app_init ] --END-- [ RunTime:0.000177s ]
INFO: [ app_begin ] --START--
INFO: Run Behavior\ReadHtmlCacheBehavior [ RunTime:0.000215s ]
INFO: [ app_begin ] --END-- [ RunTime:0.000238s ]
SQL: SHOW COLUMNS FROM `oe_contacts` [ RunTime:0.0027s ]
SQL: SELECT * FROM `oe_contacts` WHERE `user_moblie` = '15510922836'  [ RunTime:0.0003s ]
SQL: SHOW COLUMNS FROM `oe_user` [ RunTime:0.0014s ]
SQL: SELECT * FROM `oe_user` WHERE `user_moblie` = '12345678901' LIMIT 1   [ RunTime:0.0004s ]
SQL: SELECT * FROM `oe_user` WHERE `user_moblie` = '12345678902' LIMIT 1   [ RunTime:0.0004s ]
INFO: [ app_end ] --START--
INFO: Run Behavior\ShowPageTraceBehavior [ RunTime:0.000460s ]
INFO: [ app_end ] --END-- [ RunTime:0.000499s ]

[ 2016-10-26T12:34:48+08:00 ] 192.168.0.114 /OralEduServer/index.php/Home/UserHomepage/HomepageShow?
INFO: [ app_init ] --START--
INFO: Run Behavior\BuildLiteBehavior [ RunTime:0.000010s ]
INFO: [ app_init ] --END-- [ RunTime:0.000229s ]
INFO: [ app_begin ] --START--
INFO: Run Behavior\ReadHtmlCacheBehavior [ RunTime:0.000235s ]
INFO: [ app_begin ] --END-- [ RunTime:0.000256s ]
SQL: SHOW COLUMNS FROM `oe_user` [ RunTime:0.0015s ]
SQL: SELECT * FROM `oe_user` WHERE `user_moblie` = '15510922836' LIMIT 1   [ RunTime:0.0003s ]
INFO: [ app_end ] --START--
INFO: Run Behavior\ShowPageTraceBehavior [ RunTime:0.000318s ]
INFO: [ app_end ] --END-- [ RunTime:0.000340s ]

[ 2016-10-26T12:35:00+08:00 ] 192.168.0.114 /OralEduServer/index.php/Home/UserHomepage/HomepageShow?
INFO: [ app_init ] --START--
INFO: Run Behavior\BuildLiteBehavior [ RunTime:0.000005s ]
INFO: [ app_init ] --END-- [ RunTime:0.000159s ]
INFO: [ app_begin ] --START--
INFO: Run Behavior\ReadHtmlCacheBehavior [ RunTime:0.000222s ]
INFO: [ app_begin ] --END-- [ RunTime:0.000242s ]
SQL: SHOW COLUMNS FROM `oe_user` [ RunTime:0.0022s ]
SQL: SELECT * FROM `oe_user` WHERE `user_moblie` = '15510922836' LIMIT 1   [ RunTime:0.0003s ]
INFO: [ app_end ] --START--
INFO: Run Behavior\ShowPageTraceBehavior [ RunTime:0.000298s ]
INFO: [ app_end ] --END-- [ RunTime:0.000318s ]

[ 2016-10-26T12:35:00+08:00 ] 192.168.0.114 /OralEduServer/index.php/Home/Contact/UserContact?
INFO: [ app_init ] --START--
INFO: Run Behavior\BuildLiteBehavior [ RunTime:0.000006s ]
INFO: [ app_init ] --END-- [ RunTime:0.000161s ]
INFO: [ app_begin ] --START--
INFO: Run Behavior\ReadHtmlCacheBehavior [ RunTime:0.000201s ]
INFO: [ app_begin ] --END-- [ RunTime:0.000218s ]
SQL: SHOW COLUMNS FROM `oe_contacts` [ RunTime:0.0011s ]
SQL: SELECT * FROM `oe_contacts` WHERE `user_moblie` = '15510922836'  [ RunTime:0.0003s ]
SQL: SHOW COLUMNS FROM `oe_user` [ RunTime:0.0009s ]
SQL: SELECT * FROM `oe_user` WHERE `user_moblie` = '12345678901' LIMIT 1   [ RunTime:0.0003s ]
SQL: SELECT * FROM `oe_user` WHERE `user_moblie` = '12345678902' LIMIT 1   [ RunTime:0.0003s ]
INFO: [ app_end ] --START--
INFO: Run Behavior\ShowPageTraceBehavior [ RunTime:0.000404s ]
INFO: [ app_end ] --END-- [ RunTime:0.000428s ]

