[ 2016-10-14T17:50:44+08:00 ] 192.168.1.100 /OralEduServer/index.php/Home/UserHomepage/HomepageShow?
INFO: [ app_init ] --START--
INFO: Run Behavior\BuildLiteBehavior [ RunTime:0.000025s ]
INFO: [ app_init ] --END-- [ RunTime:0.005318s ]
INFO: [ app_begin ] --START--
INFO: Run Behavior\ReadHtmlCacheBehavior [ RunTime:0.004081s ]
INFO: [ app_begin ] --END-- [ RunTime:0.004158s ]
SQL: SHOW COLUMNS FROM `oe_user` [ RunTime:0.0528s ]
SQL: SELECT * FROM `oe_user` WHERE `user_moblie` = '12345678902' LIMIT 1   [ RunTime:0.0147s ]
INFO: [ app_end ] --START--
INFO: Run Behavior\ShowPageTraceBehavior [ RunTime:0.001089s ]
INFO: [ app_end ] --END-- [ RunTime:0.001171s ]

[ 2016-10-14T17:50:44+08:00 ] 192.168.1.100 /OralEduServer/index.php/Home/Contact/UserContact?
INFO: [ app_init ] --START--
INFO: Run Behavior\BuildLiteBehavior [ RunTime:0.000024s ]
INFO: [ app_init ] --END-- [ RunTime:0.005363s ]
INFO: [ app_begin ] --START--
INFO: Run Behavior\ReadHtmlCacheBehavior [ RunTime:0.004081s ]
INFO: [ app_begin ] --END-- [ RunTime:0.004158s ]
SQL: SHOW COLUMNS FROM `oe_contacts` [ RunTime:0.0529s ]
SQL: SELECT * FROM `oe_contacts` WHERE `user_moblie` = '12345678902'  [ RunTime:0.0146s ]
SQL: SHOW COLUMNS FROM `oe_user` [ RunTime:0.0046s ]
SQL: SELECT * FROM `oe_user` WHERE `user_moblie` = '12345678901' LIMIT 1   [ RunTime:0.0005s ]
SQL: SELECT * FROM `oe_user` WHERE `user_moblie` = '15510922836' LIMIT 1   [ RunTime:0.0004s ]
INFO: [ app_end ] --START--
INFO: Run Behavior\ShowPageTraceBehavior [ RunTime:0.000458s ]
INFO: [ app_end ] --END-- [ RunTime:0.000499s ]

[ 2016-10-14T17:50:51+08:00 ] 192.168.1.100 /OralEduServer/index.php/Home/Contact/UserContact?
INFO: [ app_init ] --START--
INFO: Run Behavior\BuildLiteBehavior [ RunTime:0.000016s ]
INFO: [ app_init ] --END-- [ RunTime:0.000418s ]
INFO: [ app_begin ] --START--
INFO: Run Behavior\ReadHtmlCacheBehavior [ RunTime:0.000436s ]
INFO: [ app_begin ] --END-- [ RunTime:0.000477s ]
SQL: SHOW COLUMNS FROM `oe_contacts` [ RunTime:0.0093s ]
SQL: SELECT * FROM `oe_contacts` WHERE `user_moblie` = '12345678902'  [ RunTime:0.0004s ]
SQL: SHOW COLUMNS FROM `oe_user` [ RunTime:0.0070s ]
SQL: SELECT * FROM `oe_user` WHERE `user_moblie` = '12345678901' LIMIT 1   [ RunTime:0.0008s ]
SQL: SELECT * FROM `oe_user` WHERE `user_moblie` = '15510922836' LIMIT 1   [ RunTime:0.0004s ]
INFO: [ app_end ] --START--
INFO: Run Behavior\ShowPageTraceBehavior [ RunTime:0.000589s ]
INFO: [ app_end ] --END-- [ RunTime:0.000634s ]

[ 2016-10-14T17:50:51+08:00 ] 192.168.1.100 /OralEduServer/index.php/Home/UserHomepage/HomepageShow?
INFO: [ app_init ] --START--
INFO: Run Behavior\BuildLiteBehavior [ RunTime:0.000016s ]
INFO: [ app_init ] --END-- [ RunTime:0.000910s ]
INFO: [ app_begin ] --START--
INFO: Run Behavior\ReadHtmlCacheBehavior [ RunTime:0.000434s ]
INFO: [ app_begin ] --END-- [ RunTime:0.000472s ]
SQL: SHOW COLUMNS FROM `oe_user` [ RunTime:0.0039s ]
SQL: SELECT * FROM `oe_user` WHERE `user_moblie` = '12345678902' LIMIT 1   [ RunTime:0.0007s ]
INFO: [ app_end ] --START--
INFO: Run Behavior\ShowPageTraceBehavior [ RunTime:0.000553s ]
INFO: [ app_end ] --END-- [ RunTime:0.000599s ]

[ 2016-10-14T17:51:08+08:00 ] 192.168.1.100 /OralEduServer/index.php/Home/UserHomepage/HomepageShow?
INFO: [ app_init ] --START--
INFO: Run Behavior\BuildLiteBehavior [ RunTime:0.000012s ]
INFO: [ app_init ] --END-- [ RunTime:0.001372s ]
INFO: [ app_begin ] --START--
INFO: Run Behavior\ReadHtmlCacheBehavior [ RunTime:0.000873s ]
INFO: [ app_begin ] --END-- [ RunTime:0.000925s ]
SQL: SHOW COLUMNS FROM `oe_user` [ RunTime:0.0544s ]
SQL: SELECT * FROM `oe_user` WHERE `user_moblie` = '12345678902' LIMIT 1   [ RunTime:0.0069s ]
INFO: [ app_end ] --START--
INFO: Run Behavior\ShowPageTraceBehavior [ RunTime:0.000801s ]
INFO: [ app_end ] --END-- [ RunTime:0.000862s ]

[ 2016-10-14T17:51:08+08:00 ] 192.168.1.100 /OralEduServer/index.php/Home/Contact/UserContact?
INFO: [ app_init ] --START--
INFO: Run Behavior\BuildLiteBehavior [ RunTime:0.000020s ]
INFO: [ app_init ] --END-- [ RunTime:0.000702s ]
INFO: [ app_begin ] --START--
INFO: Run Behavior\ReadHtmlCacheBehavior [ RunTime:0.006147s ]
INFO: [ app_begin ] --END-- [ RunTime:0.006215s ]
SQL: SHOW COLUMNS FROM `oe_contacts` [ RunTime:0.0082s ]
SQL: SELECT * FROM `oe_contacts` WHERE `user_moblie` = '12345678902'  [ RunTime:0.0005s ]
SQL: SHOW COLUMNS FROM `oe_user` [ RunTime:0.0040s ]
SQL: SELECT * FROM `oe_user` WHERE `user_moblie` = '12345678901' LIMIT 1   [ RunTime:0.0006s ]
SQL: SELECT * FROM `oe_user` WHERE `user_moblie` = '15510922836' LIMIT 1   [ RunTime:0.0009s ]
INFO: [ app_end ] --START--
INFO: Run Behavior\ShowPageTraceBehavior [ RunTime:0.000654s ]
INFO: [ app_end ] --END-- [ RunTime:0.000705s ]

[ 2016-10-14T17:51:08+08:00 ] 192.168.1.100 /OralEduServer/index.php/Home/UserHomepage/HomepageShow?
INFO: [ app_init ] --START--
INFO: Run Behavior\BuildLiteBehavior [ RunTime:0.000014s ]
INFO: [ app_init ] --END-- [ RunTime:0.001279s ]
INFO: [ app_begin ] --START--
INFO: Run Behavior\ReadHtmlCacheBehavior [ RunTime:0.004953s ]
INFO: [ app_begin ] --END-- [ RunTime:0.005016s ]
SQL: SHOW COLUMNS FROM `oe_user` [ RunTime:0.0072s ]
SQL: SELECT * FROM `oe_user` WHERE `user_moblie` = '12345678902' LIMIT 1   [ RunTime:0.0007s ]
INFO: [ app_end ] --START--
INFO: Run Behavior\ShowPageTraceBehavior [ RunTime:0.000512s ]
INFO: [ app_end ] --END-- [ RunTime:0.000545s ]

[ 2016-10-14T17:52:43+08:00 ] 192.168.1.100 /OralEduServer/index.php/Home/UserHomepage/HomepageShow?
INFO: [ app_init ] --START--
INFO: Run Behavior\BuildLiteBehavior [ RunTime:0.000023s ]
INFO: [ app_init ] --END-- [ RunTime:0.002497s ]
INFO: [ app_begin ] --START--
INFO: Run Behavior\ReadHtmlCacheBehavior [ RunTime:0.003820s ]
INFO: [ app_begin ] --END-- [ RunTime:0.003946s ]
SQL: SHOW COLUMNS FROM `oe_user` [ RunTime:0.0534s ]
SQL: SELECT * FROM `oe_user` WHERE `user_moblie` = '12345678902' LIMIT 1   [ RunTime:0.0257s ]
INFO: [ app_end ] --START--
INFO: Run Behavior\ShowPageTraceBehavior [ RunTime:0.000848s ]
INFO: [ app_end ] --END-- [ RunTime:0.000906s ]

[ 2016-10-14T17:52:43+08:00 ] 192.168.1.100 /OralEduServer/index.php/Home/Contact/UserContact?
INFO: [ app_init ] --START--
INFO: Run Behavior\BuildLiteBehavior [ RunTime:0.000023s ]
INFO: [ app_init ] --END-- [ RunTime:0.002501s ]
INFO: [ app_begin ] --START--
INFO: Run Behavior\ReadHtmlCacheBehavior [ RunTime:0.004436s ]
INFO: [ app_begin ] --END-- [ RunTime:0.004586s ]
SQL: SHOW COLUMNS FROM `oe_contacts` [ RunTime:0.0051s ]
SQL: SELECT * FROM `oe_contacts` WHERE `user_moblie` = '12345678902'  [ RunTime:0.0009s ]
SQL: SHOW COLUMNS FROM `oe_user` [ RunTime:0.0071s ]
SQL: SELECT * FROM `oe_user` WHERE `user_moblie` = '12345678901' LIMIT 1   [ RunTime:0.0030s ]
SQL: SELECT * FROM `oe_user` WHERE `user_moblie` = '15510922836' LIMIT 1   [ RunTime:0.0005s ]
INFO: [ app_end ] --START--
INFO: Run Behavior\ShowPageTraceBehavior [ RunTime:0.000655s ]
INFO: [ app_end ] --END-- [ RunTime:0.000705s ]

[ 2016-10-14T17:54:03+08:00 ] 192.168.1.102 /OralEduServer/index.php/Home/User/UserLogin
INFO: [ app_init ] --START--
INFO: Run Behavior\BuildLiteBehavior [ RunTime:0.000021s ]
INFO: [ app_init ] --END-- [ RunTime:0.000925s ]
INFO: [ app_begin ] --START--
INFO: Run Behavior\ReadHtmlCacheBehavior [ RunTime:0.003540s ]
INFO: [ app_begin ] --END-- [ RunTime:0.003609s ]
SQL: SHOW COLUMNS FROM `oe_user` [ RunTime:0.0048s ]
SQL: SELECT * FROM `oe_user` WHERE `user_moblie` = '15510922836' LIMIT 1   [ RunTime:0.0009s ]
INFO: [ app_end ] --START--
INFO: Run Behavior\ShowPageTraceBehavior [ RunTime:0.003354s ]
INFO: [ app_end ] --END-- [ RunTime:0.003421s ]

[ 2016-10-14T17:54:03+08:00 ] 192.168.1.102 /OralEduServer/index.php/Home/UserHomepage/HomepageShow?
INFO: [ app_init ] --START--
INFO: Run Behavior\BuildLiteBehavior [ RunTime:0.000048s ]
INFO: [ app_init ] --END-- [ RunTime:0.000876s ]
INFO: [ app_begin ] --START--
INFO: Run Behavior\ReadHtmlCacheBehavior [ RunTime:0.000622s ]
INFO: [ app_begin ] --END-- [ RunTime:0.000679s ]
SQL: SHOW COLUMNS FROM `oe_user` [ RunTime:0.0061s ]
SQL: SELECT * FROM `oe_user` WHERE `user_moblie` = '15510922836' LIMIT 1   [ RunTime:0.0006s ]
INFO: [ app_end ] --START--
INFO: Run Behavior\ShowPageTraceBehavior [ RunTime:0.000776s ]
INFO: [ app_end ] --END-- [ RunTime:0.000875s ]

[ 2016-10-14T17:54:03+08:00 ] 192.168.1.102 /OralEduServer/index.php/Home/Contact/UserContact?
INFO: [ app_init ] --START--
INFO: Run Behavior\BuildLiteBehavior [ RunTime:0.000010s ]
INFO: [ app_init ] --END-- [ RunTime:0.000257s ]
INFO: [ app_begin ] --START--
INFO: Run Behavior\ReadHtmlCacheBehavior [ RunTime:0.000274s ]
INFO: [ app_begin ] --END-- [ RunTime:0.000304s ]
SQL: SHOW COLUMNS FROM `oe_contacts` [ RunTime:0.0031s ]
SQL: SELECT * FROM `oe_contacts` WHERE `user_moblie` = '15510922836'  [ RunTime:0.0004s ]
SQL: SHOW COLUMNS FROM `oe_user` [ RunTime:0.0040s ]
SQL: SELECT * FROM `oe_user` WHERE `user_moblie` = '12345678901' LIMIT 1   [ RunTime:0.0006s ]
INFO: [ app_end ] --START--
INFO: Run Behavior\ShowPageTraceBehavior [ RunTime:0.000457s ]
INFO: [ app_end ] --END-- [ RunTime:0.000490s ]

[ 2016-10-14T17:54:03+08:00 ] 192.168.1.102 /OralEduServer/index.php/Home/UserHomepage/HomepageShow?
INFO: [ app_init ] --START--
INFO: Run Behavior\BuildLiteBehavior [ RunTime:0.000006s ]
INFO: [ app_init ] --END-- [ RunTime:0.000233s ]
INFO: [ app_begin ] --START--
INFO: Run Behavior\ReadHtmlCacheBehavior [ RunTime:0.000309s ]
INFO: [ app_begin ] --END-- [ RunTime:0.000337s ]
SQL: SHOW COLUMNS FROM `oe_user` [ RunTime:0.0064s ]
SQL: SELECT * FROM `oe_user` WHERE `user_moblie` = '15510922836' LIMIT 1   [ RunTime:0.0005s ]
INFO: [ app_end ] --START--
INFO: Run Behavior\ShowPageTraceBehavior [ RunTime:0.000459s ]
INFO: [ app_end ] --END-- [ RunTime:0.000489s ]

[ 2016-10-14T17:54:11+08:00 ] 192.168.1.100 /OralEduServer/index.php/Home/Userspage/HomepageShow?
INFO: [ app_init ] --START--
INFO: Run Behavior\BuildLiteBehavior [ RunTime:0.000007s ]
INFO: [ app_init ] --END-- [ RunTime:0.000217s ]
INFO: [ app_begin ] --START--
INFO: Run Behavior\ReadHtmlCacheBehavior [ RunTime:0.000230s ]
INFO: [ app_begin ] --END-- [ RunTime:0.000250s ]
SQL: SHOW COLUMNS FROM `oe_user` [ RunTime:0.0017s ]
SQL: SELECT * FROM `oe_user` WHERE `user_moblie` = '15510922836' LIMIT 1   [ RunTime:0.0004s ]
INFO: [ app_end ] --START--
INFO: Run Behavior\ShowPageTraceBehavior [ RunTime:0.000420s ]
INFO: [ app_end ] --END-- [ RunTime:0.000446s ]

[ 2016-10-14T17:54:14+08:00 ] 192.168.1.102 /OralEduServer/index.php/Home/Contact/UserContact?
INFO: [ app_init ] --START--
INFO: Run Behavior\BuildLiteBehavior [ RunTime:0.000007s ]
INFO: [ app_init ] --END-- [ RunTime:0.000236s ]
INFO: [ app_begin ] --START--
INFO: Run Behavior\ReadHtmlCacheBehavior [ RunTime:0.000286s ]
INFO: [ app_begin ] --END-- [ RunTime:0.000311s ]
SQL: SHOW COLUMNS FROM `oe_contacts` [ RunTime:0.0016s ]
SQL: SELECT * FROM `oe_contacts` WHERE `user_moblie` = '15510922836'  [ RunTime:0.0007s ]
SQL: SHOW COLUMNS FROM `oe_user` [ RunTime:0.0046s ]
SQL: SELECT * FROM `oe_user` WHERE `user_moblie` = '12345678901' LIMIT 1   [ RunTime:0.0005s ]
INFO: [ app_end ] --START--
INFO: Run Behavior\ShowPageTraceBehavior [ RunTime:0.000459s ]
INFO: [ app_end ] --END-- [ RunTime:0.000488s ]

[ 2016-10-14T17:54:14+08:00 ] 192.168.1.102 /OralEduServer/index.php/Home/UserHomepage/HomepageShow?
INFO: [ app_init ] --START--
INFO: Run Behavior\BuildLiteBehavior [ RunTime:0.000006s ]
INFO: [ app_init ] --END-- [ RunTime:0.000241s ]
INFO: [ app_begin ] --START--
INFO: Run Behavior\ReadHtmlCacheBehavior [ RunTime:0.000300s ]
INFO: [ app_begin ] --END-- [ RunTime:0.000326s ]
SQL: SHOW COLUMNS FROM `oe_user` [ RunTime:0.0015s ]
SQL: SELECT * FROM `oe_user` WHERE `user_moblie` = '15510922836' LIMIT 1   [ RunTime:0.0004s ]
INFO: [ app_end ] --START--
INFO: Run Behavior\ShowPageTraceBehavior [ RunTime:0.000464s ]
INFO: [ app_end ] --END-- [ RunTime:0.000494s ]

[ 2016-10-14T17:55:08+08:00 ] 192.168.1.102 /OralEduServer/index.php/Home/Contact/UserContact?
INFO: [ app_init ] --START--
INFO: Run Behavior\BuildLiteBehavior [ RunTime:0.000009s ]
INFO: [ app_init ] --END-- [ RunTime:0.000563s ]
INFO: [ app_begin ] --START--
INFO: Run Behavior\ReadHtmlCacheBehavior [ RunTime:0.003609s ]
INFO: [ app_begin ] --END-- [ RunTime:0.003690s ]
SQL: SHOW COLUMNS FROM `oe_contacts` [ RunTime:0.0083s ]
SQL: SELECT * FROM `oe_contacts` WHERE `user_moblie` = '15510922836'  [ RunTime:0.0005s ]
SQL: SHOW COLUMNS FROM `oe_user` [ RunTime:0.0049s ]
SQL: SELECT * FROM `oe_user` WHERE `user_moblie` = '12345678901' LIMIT 1   [ RunTime:0.0004s ]
INFO: [ app_end ] --START--
INFO: Run Behavior\ShowPageTraceBehavior [ RunTime:0.003083s ]
INFO: [ app_end ] --END-- [ RunTime:0.003121s ]

[ 2016-10-14T17:55:08+08:00 ] 192.168.1.102 /OralEduServer/index.php/Home/UserHomepage/HomepageShow?
INFO: [ app_init ] --START--
INFO: Run Behavior\BuildLiteBehavior [ RunTime:0.000011s ]
INFO: [ app_init ] --END-- [ RunTime:0.000568s ]
INFO: [ app_begin ] --START--
INFO: Run Behavior\ReadHtmlCacheBehavior [ RunTime:0.003464s ]
INFO: [ app_begin ] --END-- [ RunTime:0.003514s ]
SQL: SHOW COLUMNS FROM `oe_user` [ RunTime:0.0042s ]
SQL: SELECT * FROM `oe_user` WHERE `user_moblie` = '15510922836' LIMIT 1   [ RunTime:0.0007s ]
INFO: [ app_end ] --START--
INFO: Run Behavior\ShowPageTraceBehavior [ RunTime:0.000752s ]
INFO: [ app_end ] --END-- [ RunTime:0.000836s ]

[ 2016-10-14T17:55:12+08:00 ] 192.168.1.102 /OralEduServer/index.php/Home/UserHomepage/HomepageShow?
INFO: [ app_init ] --START--
INFO: Run Behavior\BuildLiteBehavior [ RunTime:0.000010s ]
INFO: [ app_init ] --END-- [ RunTime:0.000379s ]
INFO: [ app_begin ] --START--
INFO: Run Behavior\ReadHtmlCacheBehavior [ RunTime:0.000567s ]
INFO: [ app_begin ] --END-- [ RunTime:0.000613s ]
SQL: SHOW COLUMNS FROM `oe_user` [ RunTime:0.0056s ]
SQL: SELECT * FROM `oe_user` WHERE `user_moblie` = '15510922836' LIMIT 1   [ RunTime:0.0007s ]
INFO: [ app_end ] --START--
INFO: Run Behavior\ShowPageTraceBehavior [ RunTime:0.000412s ]
INFO: [ app_end ] --END-- [ RunTime:0.000445s ]

[ 2016-10-14T17:55:12+08:00 ] 192.168.1.102 /OralEduServer/index.php/Home/Contact/UserContact?
INFO: [ app_init ] --START--
INFO: Run Behavior\BuildLiteBehavior [ RunTime:0.000008s ]
INFO: [ app_init ] --END-- [ RunTime:0.000274s ]
INFO: [ app_begin ] --START--
INFO: Run Behavior\ReadHtmlCacheBehavior [ RunTime:0.000422s ]
INFO: [ app_begin ] --END-- [ RunTime:0.000465s ]
SQL: SHOW COLUMNS FROM `oe_contacts` [ RunTime:0.0054s ]
SQL: SELECT * FROM `oe_contacts` WHERE `user_moblie` = '15510922836'  [ RunTime:0.0008s ]
SQL: SHOW COLUMNS FROM `oe_user` [ RunTime:0.0066s ]
SQL: SELECT * FROM `oe_user` WHERE `user_moblie` = '12345678901' LIMIT 1   [ RunTime:0.0011s ]
INFO: [ app_end ] --START--
INFO: Run Behavior\ShowPageTraceBehavior [ RunTime:0.002041s ]
INFO: [ app_end ] --END-- [ RunTime:0.002285s ]

[ 2016-10-14T17:55:42+08:00 ] 192.168.1.102 /OralEduServer/index.php/Home/UserHomepage/HomepageShow?
INFO: [ app_init ] --START--
INFO: Run Behavior\BuildLiteBehavior [ RunTime:0.000012s ]
INFO: [ app_init ] --END-- [ RunTime:0.000689s ]
INFO: [ app_begin ] --START--
INFO: Run Behavior\ReadHtmlCacheBehavior [ RunTime:0.003778s ]
INFO: [ app_begin ] --END-- [ RunTime:0.003858s ]
SQL: SHOW COLUMNS FROM `oe_user` [ RunTime:0.0076s ]
SQL: SELECT * FROM `oe_user` WHERE `user_moblie` = '15510922836' LIMIT 1   [ RunTime:0.0009s ]
INFO: [ app_end ] --START--
INFO: Run Behavior\ShowPageTraceBehavior [ RunTime:0.003229s ]
INFO: [ app_end ] --END-- [ RunTime:0.003331s ]

[ 2016-10-14T17:55:43+08:00 ] 192.168.1.102 /OralEduServer/index.php/Home/Contact/UserContact?
INFO: [ app_init ] --START--
INFO: Run Behavior\BuildLiteBehavior [ RunTime:0.000012s ]
INFO: [ app_init ] --END-- [ RunTime:0.000692s ]
INFO: [ app_begin ] --START--
INFO: Run Behavior\ReadHtmlCacheBehavior [ RunTime:0.003778s ]
INFO: [ app_begin ] --END-- [ RunTime:0.003846s ]
SQL: SHOW COLUMNS FROM `oe_contacts` [ RunTime:0.0041s ]
SQL: SELECT * FROM `oe_contacts` WHERE `user_moblie` = '15510922836'  [ RunTime:0.0004s ]
SQL: SHOW COLUMNS FROM `oe_user` [ RunTime:0.0033s ]
SQL: SELECT * FROM `oe_user` WHERE `user_moblie` = '12345678901' LIMIT 1   [ RunTime:0.0005s ]
INFO: [ app_end ] --START--
INFO: Run Behavior\ShowPageTraceBehavior [ RunTime:0.000390s ]
INFO: [ app_end ] --END-- [ RunTime:0.000412s ]

[ 2016-10-14T17:55:53+08:00 ] 192.168.1.100 /OralEduServer/index.php/Home/Contact/UserContact?
INFO: [ app_init ] --START--
INFO: Run Behavior\BuildLiteBehavior [ RunTime:0.000007s ]
INFO: [ app_init ] --END-- [ RunTime:0.000240s ]
INFO: [ app_begin ] --START--
INFO: Run Behavior\ReadHtmlCacheBehavior [ RunTime:0.000288s ]
INFO: [ app_begin ] --END-- [ RunTime:0.000311s ]
SQL: SHOW COLUMNS FROM `oe_contacts` [ RunTime:0.0045s ]
SQL: SELECT * FROM `oe_contacts` WHERE `user_moblie` = '12345678902'  [ RunTime:0.0006s ]
SQL: SHOW COLUMNS FROM `oe_user` [ RunTime:0.0064s ]
SQL: SELECT * FROM `oe_user` WHERE `user_moblie` = '12345678901' LIMIT 1   [ RunTime:0.0005s ]
SQL: SELECT * FROM `oe_user` WHERE `user_moblie` = '15510922836' LIMIT 1   [ RunTime:0.0004s ]
INFO: [ app_end ] --START--
INFO: Run Behavior\ShowPageTraceBehavior [ RunTime:0.000585s ]
INFO: [ app_end ] --END-- [ RunTime:0.000669s ]

[ 2016-10-14T17:55:53+08:00 ] 192.168.1.100 /OralEduServer/index.php/Home/UserHomepage/HomepageShow?
INFO: [ app_init ] --START--
INFO: Run Behavior\BuildLiteBehavior [ RunTime:0.000006s ]
INFO: [ app_init ] --END-- [ RunTime:0.000234s ]
INFO: [ app_begin ] --START--
INFO: Run Behavior\ReadHtmlCacheBehavior [ RunTime:0.000288s ]
INFO: [ app_begin ] --END-- [ RunTime:0.000311s ]
SQL: SHOW COLUMNS FROM `oe_user` [ RunTime:0.0075s ]
SQL: SELECT * FROM `oe_user` WHERE `user_moblie` = '12345678902' LIMIT 1   [ RunTime:0.0005s ]
INFO: [ app_end ] --START--
INFO: Run Behavior\ShowPageTraceBehavior [ RunTime:0.000597s ]
INFO: [ app_end ] --END-- [ RunTime:0.000643s ]

[ 2016-10-14T17:56:02+08:00 ] 192.168.1.102 /OralEduServer/index.php/Home/Userspage/HomepageShow?
INFO: [ app_init ] --START--
INFO: Run Behavior\BuildLiteBehavior [ RunTime:0.000013s ]
INFO: [ app_init ] --END-- [ RunTime:0.000534s ]
INFO: [ app_begin ] --START--
INFO: Run Behavior\ReadHtmlCacheBehavior [ RunTime:0.000550s ]
INFO: [ app_begin ] --END-- [ RunTime:0.000667s ]
SQL: SHOW COLUMNS FROM `oe_user` [ RunTime:0.0068s ]
SQL: SELECT * FROM `oe_user` WHERE `user_moblie` = '12345678901' LIMIT 1   [ RunTime:0.0010s ]
INFO: [ app_end ] --START--
INFO: Run Behavior\ShowPageTraceBehavior [ RunTime:0.000638s ]
INFO: [ app_end ] --END-- [ RunTime:0.000675s ]

[ 2016-10-14T17:56:09+08:00 ] 192.168.1.102 /OralEduServer/index.php/Home/UserHomepage/HomepageShow?
INFO: [ app_init ] --START--
INFO: Run Behavior\BuildLiteBehavior [ RunTime:0.000008s ]
INFO: [ app_init ] --END-- [ RunTime:0.000261s ]
INFO: [ app_begin ] --START--
INFO: Run Behavior\ReadHtmlCacheBehavior [ RunTime:0.000286s ]
INFO: [ app_begin ] --END-- [ RunTime:0.000310s ]
SQL: SHOW COLUMNS FROM `oe_user` [ RunTime:0.0045s ]
SQL: SELECT * FROM `oe_user` WHERE `user_moblie` = '15510922836' LIMIT 1   [ RunTime:0.0009s ]
INFO: [ app_end ] --START--
INFO: Run Behavior\ShowPageTraceBehavior [ RunTime:0.000533s ]
INFO: [ app_end ] --END-- [ RunTime:0.000562s ]

[ 2016-10-14T17:56:09+08:00 ] 192.168.1.102 /OralEduServer/index.php/Home/Contact/UserContact?
INFO: [ app_init ] --START--
INFO: Run Behavior\BuildLiteBehavior [ RunTime:0.000006s ]
INFO: [ app_init ] --END-- [ RunTime:0.000228s ]
INFO: [ app_begin ] --START--
INFO: Run Behavior\ReadHtmlCacheBehavior [ RunTime:0.000267s ]
INFO: [ app_begin ] --END-- [ RunTime:0.000288s ]
SQL: SHOW COLUMNS FROM `oe_contacts` [ RunTime:0.0033s ]
SQL: SELECT * FROM `oe_contacts` WHERE `user_moblie` = '15510922836'  [ RunTime:0.0004s ]
SQL: SHOW COLUMNS FROM `oe_user` [ RunTime:0.0070s ]
SQL: SELECT * FROM `oe_user` WHERE `user_moblie` = '12345678901' LIMIT 1   [ RunTime:0.0006s ]
INFO: [ app_end ] --START--
INFO: Run Behavior\ShowPageTraceBehavior [ RunTime:0.000584s ]
INFO: [ app_end ] --END-- [ RunTime:0.000641s ]

[ 2016-10-14T17:56:12+08:00 ] 192.168.1.102 /OralEduServer/index.php/Home/Search/UserSearch
INFO: [ app_init ] --START--
INFO: Run Behavior\BuildLiteBehavior [ RunTime:0.000008s ]
INFO: [ app_init ] --END-- [ RunTime:0.000289s ]
INFO: [ app_begin ] --START--
INFO: Run Behavior\ReadHtmlCacheBehavior [ RunTime:0.000311s ]
INFO: [ app_begin ] --END-- [ RunTime:0.000340s ]
SQL: SHOW COLUMNS FROM `oe_user` [ RunTime:0.0065s ]
SQL: SELECT * FROM `oe_user` WHERE `user_nickname` LIKE '%4%'  [ RunTime:0.0069s ]
INFO: [ app_end ] --START--
INFO: Run Behavior\ShowPageTraceBehavior [ RunTime:0.000502s ]
INFO: [ app_end ] --END-- [ RunTime:0.000537s ]

[ 2016-10-14T17:56:13+08:00 ] 192.168.1.102 /OralEduServer/index.php/Home/Search/UserSearch
INFO: [ app_init ] --START--
INFO: Run Behavior\BuildLiteBehavior [ RunTime:0.000008s ]
INFO: [ app_init ] --END-- [ RunTime:0.000205s ]
INFO: [ app_begin ] --START--
INFO: Run Behavior\ReadHtmlCacheBehavior [ RunTime:0.000439s ]
INFO: [ app_begin ] --END-- [ RunTime:0.000485s ]
SQL: SHOW COLUMNS FROM `oe_user` [ RunTime:0.0063s ]
SQL: SELECT * FROM `oe_user` WHERE `user_nickname` LIKE '%45%'  [ RunTime:0.0004s ]
INFO: [ app_end ] --START--
INFO: Run Behavior\ShowPageTraceBehavior [ RunTime:0.000373s ]
INFO: [ app_end ] --END-- [ RunTime:0.000401s ]

[ 2016-10-14T17:56:14+08:00 ] 192.168.1.102 /OralEduServer/index.php/Home/Userspage/HomepageShow?
INFO: [ app_init ] --START--
INFO: Run Behavior\BuildLiteBehavior [ RunTime:0.000012s ]
INFO: [ app_init ] --END-- [ RunTime:0.000374s ]
INFO: [ app_begin ] --START--
INFO: Run Behavior\ReadHtmlCacheBehavior [ RunTime:0.000840s ]
INFO: [ app_begin ] --END-- [ RunTime:0.000896s ]
SQL: SHOW COLUMNS FROM `oe_user` [ RunTime:0.0071s ]
SQL: SELECT * FROM `oe_user` WHERE `user_moblie` = '12345678902' LIMIT 1   [ RunTime:0.0007s ]
INFO: [ app_end ] --START--
INFO: Run Behavior\ShowPageTraceBehavior [ RunTime:0.000890s ]
INFO: [ app_end ] --END-- [ RunTime:0.000936s ]

[ 2016-10-14T17:56:15+08:00 ] 192.168.1.102 /OralEduServer/index.php/Home/Contacts/contactsAdd?
INFO: [ app_init ] --START--
INFO: Run Behavior\BuildLiteBehavior [ RunTime:0.000013s ]
INFO: [ app_init ] --END-- [ RunTime:0.000407s ]
INFO: [ app_begin ] --START--
INFO: Run Behavior\ReadHtmlCacheBehavior [ RunTime:0.000646s ]
INFO: [ app_begin ] --END-- [ RunTime:0.000699s ]
SQL: SHOW COLUMNS FROM `oe_contacts` [ RunTime:0.0068s ]
SQL: SELECT * FROM `oe_contacts` WHERE ( user_moblie=15510922836 AND user_contacts=12345678902 ) LIMIT 1   [ RunTime:0.0081s ]
SQL: INSERT INTO `oe_contacts` (`user_moblie`,`user_contacts`,`last_time`) VALUES ('15510922836','12345678902','无') [ RunTime:0.0312s ]
INFO: [ app_end ] --START--
INFO: Run Behavior\ShowPageTraceBehavior [ RunTime:0.000641s ]
INFO: [ app_end ] --END-- [ RunTime:0.000687s ]

[ 2016-10-14T17:56:18+08:00 ] 192.168.1.100 /OralEduServer/index.php/Home/Contact/UserContact?
INFO: [ app_init ] --START--
INFO: Run Behavior\BuildLiteBehavior [ RunTime:0.000012s ]
INFO: [ app_init ] --END-- [ RunTime:0.000458s ]
INFO: [ app_begin ] --START--
INFO: Run Behavior\ReadHtmlCacheBehavior [ RunTime:0.000483s ]
INFO: [ app_begin ] --END-- [ RunTime:0.000570s ]
SQL: SHOW COLUMNS FROM `oe_contacts` [ RunTime:0.0113s ]
SQL: SELECT * FROM `oe_contacts` WHERE `user_moblie` = '12345678902'  [ RunTime:0.0004s ]
SQL: SHOW COLUMNS FROM `oe_user` [ RunTime:0.0083s ]
SQL: SELECT * FROM `oe_user` WHERE `user_moblie` = '12345678901' LIMIT 1   [ RunTime:0.0008s ]
SQL: SELECT * FROM `oe_user` WHERE `user_moblie` = '15510922836' LIMIT 1   [ RunTime:0.0007s ]
INFO: [ app_end ] --START--
INFO: Run Behavior\ShowPageTraceBehavior [ RunTime:0.001326s ]
INFO: [ app_end ] --END-- [ RunTime:0.005818s ]

[ 2016-10-14T17:56:18+08:00 ] 192.168.1.100 /OralEduServer/index.php/Home/UserHomepage/HomepageShow?
INFO: [ app_init ] --START--
INFO: Run Behavior\BuildLiteBehavior [ RunTime:0.000013s ]
INFO: [ app_init ] --END-- [ RunTime:0.000468s ]
INFO: [ app_begin ] --START--
INFO: Run Behavior\ReadHtmlCacheBehavior [ RunTime:0.000402s ]
INFO: [ app_begin ] --END-- [ RunTime:0.000467s ]
SQL: SHOW COLUMNS FROM `oe_user` [ RunTime:0.0052s ]
SQL: SELECT * FROM `oe_user` WHERE `user_moblie` = '12345678902' LIMIT 1   [ RunTime:0.0005s ]
INFO: [ app_end ] --START--
INFO: Run Behavior\ShowPageTraceBehavior [ RunTime:0.000512s ]
INFO: [ app_end ] --END-- [ RunTime:0.000536s ]

[ 2016-10-14T17:56:52+08:00 ] 192.168.1.100 /OralEduServer/index.php/Home/Contact/UserContact?
INFO: [ app_init ] --START--
INFO: Run Behavior\BuildLiteBehavior [ RunTime:0.000010s ]
INFO: [ app_init ] --END-- [ RunTime:0.000466s ]
INFO: [ app_begin ] --START--
INFO: Run Behavior\ReadHtmlCacheBehavior [ RunTime:0.000569s ]
INFO: [ app_begin ] --END-- [ RunTime:0.000607s ]
SQL: SHOW COLUMNS FROM `oe_contacts` [ RunTime:0.0065s ]
SQL: SELECT * FROM `oe_contacts` WHERE `user_moblie` = '12345678902'  [ RunTime:0.0010s ]
SQL: SHOW COLUMNS FROM `oe_user` [ RunTime:0.0069s ]
SQL: SELECT * FROM `oe_user` WHERE `user_moblie` = '12345678901' LIMIT 1   [ RunTime:0.0007s ]
SQL: SELECT * FROM `oe_user` WHERE `user_moblie` = '15510922836' LIMIT 1   [ RunTime:0.0006s ]
INFO: [ app_end ] --START--
INFO: Run Behavior\ShowPageTraceBehavior [ RunTime:0.002405s ]
INFO: [ app_end ] --END-- [ RunTime:0.002444s ]

[ 2016-10-14T17:56:52+08:00 ] 192.168.1.100 /OralEduServer/index.php/Home/UserHomepage/HomepageShow?
INFO: [ app_init ] --START--
INFO: Run Behavior\BuildLiteBehavior [ RunTime:0.000009s ]
INFO: [ app_init ] --END-- [ RunTime:0.000507s ]
INFO: [ app_begin ] --START--
INFO: Run Behavior\ReadHtmlCacheBehavior [ RunTime:0.000618s ]
INFO: [ app_begin ] --END-- [ RunTime:0.000655s ]
SQL: SHOW COLUMNS FROM `oe_user` [ RunTime:0.0063s ]
SQL: SELECT * FROM `oe_user` WHERE `user_moblie` = '12345678902' LIMIT 1   [ RunTime:0.0007s ]
INFO: [ app_end ] --START--
INFO: Run Behavior\ShowPageTraceBehavior [ RunTime:0.000952s ]
INFO: [ app_end ] --END-- [ RunTime:0.001026s ]

[ 2016-10-14T17:57:10+08:00 ] 192.168.1.102 /OralEduServer/index.php/Home/UserHomepage/HomepageShow?
INFO: [ app_init ] --START--
INFO: Run Behavior\BuildLiteBehavior [ RunTime:0.000011s ]
INFO: [ app_init ] --END-- [ RunTime:0.000590s ]
INFO: [ app_begin ] --START--
INFO: Run Behavior\ReadHtmlCacheBehavior [ RunTime:0.000657s ]
INFO: [ app_begin ] --END-- [ RunTime:0.000762s ]
SQL: SHOW COLUMNS FROM `oe_user` [ RunTime:0.0065s ]
SQL: SELECT * FROM `oe_user` WHERE `user_moblie` = '15510922836' LIMIT 1   [ RunTime:0.0007s ]
INFO: [ app_end ] --START--
INFO: Run Behavior\ShowPageTraceBehavior [ RunTime:0.001534s ]
INFO: [ app_end ] --END-- [ RunTime:0.001584s ]

[ 2016-10-14T17:57:10+08:00 ] 192.168.1.102 /OralEduServer/index.php/Home/Contact/UserContact?
INFO: [ app_init ] --START--
INFO: Run Behavior\BuildLiteBehavior [ RunTime:0.000011s ]
INFO: [ app_init ] --END-- [ RunTime:0.000587s ]
INFO: [ app_begin ] --START--
INFO: Run Behavior\ReadHtmlCacheBehavior [ RunTime:0.000767s ]
INFO: [ app_begin ] --END-- [ RunTime:0.000807s ]
SQL: SHOW COLUMNS FROM `oe_contacts` [ RunTime:0.0029s ]
SQL: SELECT * FROM `oe_contacts` WHERE `user_moblie` = '15510922836'  [ RunTime:0.0004s ]
SQL: SHOW COLUMNS FROM `oe_user` [ RunTime:0.0015s ]
SQL: SELECT * FROM `oe_user` WHERE `user_moblie` = '12345678901' LIMIT 1   [ RunTime:0.0005s ]
SQL: SELECT * FROM `oe_user` WHERE `user_moblie` = '12345678902' LIMIT 1   [ RunTime:0.0003s ]
INFO: [ app_end ] --START--
INFO: Run Behavior\ShowPageTraceBehavior [ RunTime:0.000501s ]
INFO: [ app_end ] --END-- [ RunTime:0.000532s ]

[ 2016-10-14T17:57:14+08:00 ] 192.168.1.102 /OralEduServer/index.php/Home/UserHomepage/HomepageShow?
INFO: [ app_init ] --START--
INFO: Run Behavior\BuildLiteBehavior [ RunTime:0.000010s ]
INFO: [ app_init ] --END-- [ RunTime:0.000311s ]
INFO: [ app_begin ] --START--
INFO: Run Behavior\ReadHtmlCacheBehavior [ RunTime:0.000520s ]
INFO: [ app_begin ] --END-- [ RunTime:0.000593s ]
SQL: SHOW COLUMNS FROM `oe_user` [ RunTime:0.0044s ]
SQL: SELECT * FROM `oe_user` WHERE `user_moblie` = '15510922836' LIMIT 1   [ RunTime:0.0005s ]
INFO: [ app_end ] --START--
INFO: Run Behavior\ShowPageTraceBehavior [ RunTime:0.000488s ]
INFO: [ app_end ] --END-- [ RunTime:0.000523s ]

[ 2016-10-14T17:57:14+08:00 ] 192.168.1.102 /OralEduServer/index.php/Home/Contact/UserContact?
INFO: [ app_init ] --START--
INFO: Run Behavior\BuildLiteBehavior [ RunTime:0.000010s ]
INFO: [ app_init ] --END-- [ RunTime:0.000305s ]
INFO: [ app_begin ] --START--
INFO: Run Behavior\ReadHtmlCacheBehavior [ RunTime:0.000477s ]
INFO: [ app_begin ] --END-- [ RunTime:0.000515s ]
SQL: SHOW COLUMNS FROM `oe_contacts` [ RunTime:0.0032s ]
SQL: SELECT * FROM `oe_contacts` WHERE `user_moblie` = '15510922836'  [ RunTime:0.0005s ]
SQL: SHOW COLUMNS FROM `oe_user` [ RunTime:0.0034s ]
SQL: SELECT * FROM `oe_user` WHERE `user_moblie` = '12345678901' LIMIT 1   [ RunTime:0.0004s ]
SQL: SELECT * FROM `oe_user` WHERE `user_moblie` = '12345678902' LIMIT 1   [ RunTime:0.0003s ]
INFO: [ app_end ] --START--
INFO: Run Behavior\ShowPageTraceBehavior [ RunTime:0.000352s ]
INFO: [ app_end ] --END-- [ RunTime:0.000375s ]

[ 2016-10-14T17:58:43+08:00 ] 192.168.1.100 /OralEduServer/index.php/Home/User/UserLogin
INFO: [ app_init ] --START--
INFO: Run Behavior\BuildLiteBehavior [ RunTime:0.000022s ]
INFO: [ app_init ] --END-- [ RunTime:0.004492s ]
INFO: [ app_begin ] --START--
INFO: Run Behavior\ReadHtmlCacheBehavior [ RunTime:0.004230s ]
INFO: [ app_begin ] --END-- [ RunTime:0.004329s ]
SQL: SHOW COLUMNS FROM `oe_user` [ RunTime:0.0301s ]
SQL: SELECT * FROM `oe_user` WHERE `user_moblie` = '12345678901' LIMIT 1   [ RunTime:0.0222s ]
INFO: [ app_end ] --START--
INFO: Run Behavior\ShowPageTraceBehavior [ RunTime:0.000586s ]
INFO: [ app_end ] --END-- [ RunTime:0.000623s ]

[ 2016-10-14T17:58:43+08:00 ] 192.168.1.100 /OralEduServer/index.php/Home/UserHomepage/HomepageShow?
INFO: [ app_init ] --START--
INFO: Run Behavior\BuildLiteBehavior [ RunTime:0.000006s ]
INFO: [ app_init ] --END-- [ RunTime:0.000184s ]
INFO: [ app_begin ] --START--
INFO: Run Behavior\ReadHtmlCacheBehavior [ RunTime:0.000330s ]
INFO: [ app_begin ] --END-- [ RunTime:0.000355s ]
SQL: SHOW COLUMNS FROM `oe_user` [ RunTime:0.0024s ]
SQL: SELECT * FROM `oe_user` WHERE `user_moblie` = '12345678901' LIMIT 1   [ RunTime:0.0019s ]
INFO: [ app_end ] --START--
INFO: Run Behavior\ShowPageTraceBehavior [ RunTime:0.000733s ]
INFO: [ app_end ] --END-- [ RunTime:0.000800s ]

[ 2016-10-14T17:58:43+08:00 ] 192.168.1.100 /OralEduServer/index.php/Home/UserHomepage/HomepageShow?
INFO: [ app_init ] --START--
INFO: Run Behavior\BuildLiteBehavior [ RunTime:0.000019s ]
INFO: [ app_init ] --END-- [ RunTime:0.000471s ]
INFO: [ app_begin ] --START--
INFO: Run Behavior\ReadHtmlCacheBehavior [ RunTime:0.000493s ]
INFO: [ app_begin ] --END-- [ RunTime:0.000542s ]
SQL: SHOW COLUMNS FROM `oe_user` [ RunTime:0.0178s ]
SQL: SELECT * FROM `oe_user` WHERE `user_moblie` = '12345678901' LIMIT 1   [ RunTime:0.0034s ]
INFO: [ app_end ] --START--
INFO: Run Behavior\ShowPageTraceBehavior [ RunTime:0.000768s ]
INFO: [ app_end ] --END-- [ RunTime:0.000833s ]

[ 2016-10-14T17:58:43+08:00 ] 192.168.1.100 /OralEduServer/index.php/Home/Contact/UserContact?
INFO: [ app_init ] --START--
INFO: Run Behavior\BuildLiteBehavior [ RunTime:0.000016s ]
INFO: [ app_init ] --END-- [ RunTime:0.000475s ]
INFO: [ app_begin ] --START--
INFO: Run Behavior\ReadHtmlCacheBehavior [ RunTime:0.000488s ]
INFO: [ app_begin ] --END-- [ RunTime:0.000537s ]
SQL: SHOW COLUMNS FROM `oe_contacts` [ RunTime:0.0076s ]
SQL: SELECT * FROM `oe_contacts` WHERE `user_moblie` = '12345678901'  [ RunTime:0.0042s ]
SQL: SHOW COLUMNS FROM `oe_user` [ RunTime:0.0079s ]
SQL: SELECT * FROM `oe_user` WHERE `user_moblie` = '12345678902' LIMIT 1   [ RunTime:0.0009s ]
SQL: SELECT * FROM `oe_user` WHERE `user_moblie` = '15510922836' LIMIT 1   [ RunTime:0.0007s ]
INFO: [ app_end ] --START--
INFO: Run Behavior\ShowPageTraceBehavior [ RunTime:0.001520s ]
INFO: [ app_end ] --END-- [ RunTime:0.001567s ]

[ 2016-10-14T17:58:48+08:00 ] 192.168.1.100 /OralEduServer/index.php/Home/Userspage/HomepageShow?
INFO: [ app_init ] --START--
INFO: Run Behavior\BuildLiteBehavior [ RunTime:0.000012s ]
INFO: [ app_init ] --END-- [ RunTime:0.000347s ]
INFO: [ app_begin ] --START--
INFO: Run Behavior\ReadHtmlCacheBehavior [ RunTime:0.000285s ]
INFO: [ app_begin ] --END-- [ RunTime:0.000314s ]
SQL: SHOW COLUMNS FROM `oe_user` [ RunTime:0.0054s ]
SQL: SELECT * FROM `oe_user` WHERE `user_moblie` = '15510922836' LIMIT 1   [ RunTime:0.0005s ]
INFO: [ app_end ] --START--
INFO: Run Behavior\ShowPageTraceBehavior [ RunTime:0.000466s ]
INFO: [ app_end ] --END-- [ RunTime:0.000492s ]

[ 2016-10-14T17:58:55+08:00 ] 192.168.1.100 /OralEduServer/index.php/Home/UserHomepage/HomepageShow?
INFO: [ app_init ] --START--
INFO: Run Behavior\BuildLiteBehavior [ RunTime:0.000018s ]
INFO: [ app_init ] --END-- [ RunTime:0.000459s ]
INFO: [ app_begin ] --START--
INFO: Run Behavior\ReadHtmlCacheBehavior [ RunTime:0.000650s ]
INFO: [ app_begin ] --END-- [ RunTime:0.000702s ]
SQL: SHOW COLUMNS FROM `oe_user` [ RunTime:0.0032s ]
SQL: SELECT * FROM `oe_user` WHERE `user_moblie` = '12345678901' LIMIT 1   [ RunTime:0.0005s ]
INFO: [ app_end ] --START--
INFO: Run Behavior\ShowPageTraceBehavior [ RunTime:0.000512s ]
INFO: [ app_end ] --END-- [ RunTime:0.000547s ]

[ 2016-10-14T17:58:55+08:00 ] 192.168.1.100 /OralEduServer/index.php/Home/Contact/UserContact?
INFO: [ app_init ] --START--
INFO: Run Behavior\BuildLiteBehavior [ RunTime:0.000018s ]
INFO: [ app_init ] --END-- [ RunTime:0.000481s ]
INFO: [ app_begin ] --START--
INFO: Run Behavior\ReadHtmlCacheBehavior [ RunTime:0.000673s ]
INFO: [ app_begin ] --END-- [ RunTime:0.003585s ]
SQL: SHOW COLUMNS FROM `oe_contacts` [ RunTime:0.0063s ]
SQL: SELECT * FROM `oe_contacts` WHERE `user_moblie` = '12345678901'  [ RunTime:0.0005s ]
SQL: SHOW COLUMNS FROM `oe_user` [ RunTime:0.0073s ]
SQL: SELECT * FROM `oe_user` WHERE `user_moblie` = '12345678902' LIMIT 1   [ RunTime:0.0006s ]
SQL: SELECT * FROM `oe_user` WHERE `user_moblie` = '15510922836' LIMIT 1   [ RunTime:0.0004s ]
INFO: [ app_end ] --START--
INFO: Run Behavior\ShowPageTraceBehavior [ RunTime:0.000466s ]
INFO: [ app_end ] --END-- [ RunTime:0.000500s ]

[ 2016-10-14T17:59:03+08:00 ] 192.168.1.102 /OralEduServer/index.php/Home/Userspage/HomepageShow?
INFO: [ app_init ] --START--
INFO: Run Behavior\BuildLiteBehavior [ RunTime:0.000012s ]
INFO: [ app_init ] --END-- [ RunTime:0.000319s ]
INFO: [ app_begin ] --START--
INFO: Run Behavior\ReadHtmlCacheBehavior [ RunTime:0.000272s ]
INFO: [ app_begin ] --END-- [ RunTime:0.000295s ]
SQL: SHOW COLUMNS FROM `oe_user` [ RunTime:0.0075s ]
SQL: SELECT * FROM `oe_user` WHERE `user_moblie` = '12345678901' LIMIT 1   [ RunTime:0.0006s ]
INFO: [ app_end ] --START--
INFO: Run Behavior\ShowPageTraceBehavior [ RunTime:0.000722s ]
INFO: [ app_end ] --END-- [ RunTime:0.000761s ]

[ 2016-10-14T17:59:06+08:00 ] 192.168.1.102 /OralEduServer/index.php/Home/UserHomepage/HomepageShow?
INFO: [ app_init ] --START--
INFO: Run Behavior\BuildLiteBehavior [ RunTime:0.000008s ]
INFO: [ app_init ] --END-- [ RunTime:0.000236s ]
INFO: [ app_begin ] --START--
INFO: Run Behavior\ReadHtmlCacheBehavior [ RunTime:0.000298s ]
INFO: [ app_begin ] --END-- [ RunTime:0.000326s ]
SQL: SHOW COLUMNS FROM `oe_user` [ RunTime:0.0065s ]
SQL: SELECT * FROM `oe_user` WHERE `user_moblie` = '15510922836' LIMIT 1   [ RunTime:0.0007s ]
INFO: [ app_end ] --START--
INFO: Run Behavior\ShowPageTraceBehavior [ RunTime:0.000987s ]
INFO: [ app_end ] --END-- [ RunTime:0.001068s ]

[ 2016-10-14T17:59:06+08:00 ] 192.168.1.102 /OralEduServer/index.php/Home/Contact/UserContact?
INFO: [ app_init ] --START--
INFO: Run Behavior\BuildLiteBehavior [ RunTime:0.000010s ]
INFO: [ app_init ] --END-- [ RunTime:0.000262s ]
INFO: [ app_begin ] --START--
INFO: Run Behavior\ReadHtmlCacheBehavior [ RunTime:0.000299s ]
INFO: [ app_begin ] --END-- [ RunTime:0.000322s ]
SQL: SHOW COLUMNS FROM `oe_contacts` [ RunTime:0.0068s ]
SQL: SELECT * FROM `oe_contacts` WHERE `user_moblie` = '15510922836'  [ RunTime:0.0005s ]
SQL: SHOW COLUMNS FROM `oe_user` [ RunTime:0.0067s ]
SQL: SELECT * FROM `oe_user` WHERE `user_moblie` = '12345678901' LIMIT 1   [ RunTime:0.0005s ]
SQL: SELECT * FROM `oe_user` WHERE `user_moblie` = '12345678902' LIMIT 1   [ RunTime:0.0003s ]
INFO: [ app_end ] --START--
INFO: Run Behavior\ShowPageTraceBehavior [ RunTime:0.000493s ]
INFO: [ app_end ] --END-- [ RunTime:0.000517s ]

[ 2016-10-14T17:59:07+08:00 ] 192.168.1.102 /OralEduServer/index.php/Home/Userspage/HomepageShow?
INFO: [ app_init ] --START--
INFO: Run Behavior\BuildLiteBehavior [ RunTime:0.000009s ]
INFO: [ app_init ] --END-- [ RunTime:0.000324s ]
INFO: [ app_begin ] --START--
INFO: Run Behavior\ReadHtmlCacheBehavior [ RunTime:0.000388s ]
INFO: [ app_begin ] --END-- [ RunTime:0.000419s ]
SQL: SHOW COLUMNS FROM `oe_user` [ RunTime:0.0064s ]
SQL: SELECT * FROM `oe_user` WHERE `user_moblie` = '12345678901' LIMIT 1   [ RunTime:0.0005s ]
INFO: [ app_end ] --START--
INFO: Run Behavior\ShowPageTraceBehavior [ RunTime:0.000429s ]
INFO: [ app_end ] --END-- [ RunTime:0.000466s ]

[ 2016-10-14T17:59:10+08:00 ] 192.168.1.100 /OralEduServer/index.php/Home/UserHomepage/HomepageShow?
INFO: [ app_init ] --START--
INFO: Run Behavior\BuildLiteBehavior [ RunTime:0.000045s ]
INFO: [ app_init ] --END-- [ RunTime:0.001050s ]
INFO: [ app_begin ] --START--
INFO: Run Behavior\ReadHtmlCacheBehavior [ RunTime:0.000444s ]
INFO: [ app_begin ] --END-- [ RunTime:0.000485s ]
SQL: SHOW COLUMNS FROM `oe_user` [ RunTime:0.0066s ]
SQL: SELECT * FROM `oe_user` WHERE `user_moblie` = '12345678901' LIMIT 1   [ RunTime:0.0004s ]
INFO: [ app_end ] --START--
INFO: Run Behavior\ShowPageTraceBehavior [ RunTime:0.000422s ]
INFO: [ app_end ] --END-- [ RunTime:0.000444s ]

[ 2016-10-14T17:59:10+08:00 ] 192.168.1.100 /OralEduServer/index.php/Home/Contact/UserContact?
INFO: [ app_init ] --START--
INFO: Run Behavior\BuildLiteBehavior [ RunTime:0.000020s ]
INFO: [ app_init ] --END-- [ RunTime:0.000585s ]
INFO: [ app_begin ] --START--
INFO: Run Behavior\ReadHtmlCacheBehavior [ RunTime:0.000618s ]
INFO: [ app_begin ] --END-- [ RunTime:0.000667s ]
SQL: SHOW COLUMNS FROM `oe_contacts` [ RunTime:0.0032s ]
SQL: SELECT * FROM `oe_contacts` WHERE `user_moblie` = '12345678901'  [ RunTime:0.0010s ]
SQL: SHOW COLUMNS FROM `oe_user` [ RunTime:0.0069s ]
SQL: SELECT * FROM `oe_user` WHERE `user_moblie` = '12345678902' LIMIT 1   [ RunTime:0.0008s ]
SQL: SELECT * FROM `oe_user` WHERE `user_moblie` = '15510922836' LIMIT 1   [ RunTime:0.0007s ]
INFO: [ app_end ] --START--
INFO: Run Behavior\ShowPageTraceBehavior [ RunTime:0.000731s ]
INFO: [ app_end ] --END-- [ RunTime:0.000787s ]

[ 2016-10-14T18:00:11+08:00 ] 192.168.1.100 /OralEduServer/index.php/Home/Contact/UserContact?
INFO: [ app_init ] --START--
INFO: Run Behavior\BuildLiteBehavior [ RunTime:0.000012s ]
INFO: [ app_init ] --END-- [ RunTime:0.000741s ]
INFO: [ app_begin ] --START--
INFO: Run Behavior\ReadHtmlCacheBehavior [ RunTime:0.003831s ]
INFO: [ app_begin ] --END-- [ RunTime:0.003891s ]
SQL: SHOW COLUMNS FROM `oe_contacts` [ RunTime:0.0067s ]
SQL: SELECT * FROM `oe_contacts` WHERE `user_moblie` = '12345678901'  [ RunTime:0.0006s ]
SQL: SHOW COLUMNS FROM `oe_user` [ RunTime:0.0053s ]
SQL: SELECT * FROM `oe_user` WHERE `user_moblie` = '12345678902' LIMIT 1   [ RunTime:0.0021s ]
SQL: SELECT * FROM `oe_user` WHERE `user_moblie` = '15510922836' LIMIT 1   [ RunTime:0.0005s ]
INFO: [ app_end ] --START--
INFO: Run Behavior\ShowPageTraceBehavior [ RunTime:0.003382s ]
INFO: [ app_end ] --END-- [ RunTime:0.003433s ]

[ 2016-10-14T18:00:11+08:00 ] 192.168.1.100 /OralEduServer/index.php/Home/UserHomepage/HomepageShow?
INFO: [ app_init ] --START--
INFO: Run Behavior\BuildLiteBehavior [ RunTime:0.000032s ]
INFO: [ app_init ] --END-- [ RunTime:0.000754s ]
INFO: [ app_begin ] --START--
INFO: Run Behavior\ReadHtmlCacheBehavior [ RunTime:0.003810s ]
INFO: [ app_begin ] --END-- [ RunTime:0.003859s ]
SQL: SHOW COLUMNS FROM `oe_user` [ RunTime:0.0072s ]
SQL: SELECT * FROM `oe_user` WHERE `user_moblie` = '12345678901' LIMIT 1   [ RunTime:0.0021s ]
INFO: [ app_end ] --START--
INFO: Run Behavior\ShowPageTraceBehavior [ RunTime:0.000868s ]
INFO: [ app_end ] --END-- [ RunTime:0.000917s ]

[ 2016-10-14T18:07:14+08:00 ] 192.168.1.102 /OralEduServer/index.php/Home/UserHomepage/HomepageShow?
INFO: [ app_init ] --START--
INFO: Run Behavior\BuildLiteBehavior [ RunTime:0.000020s ]
INFO: [ app_init ] --END-- [ RunTime:0.004886s ]
INFO: [ app_begin ] --START--
INFO: Run Behavior\ReadHtmlCacheBehavior [ RunTime:0.004031s ]
INFO: [ app_begin ] --END-- [ RunTime:0.004098s ]
SQL: SHOW COLUMNS FROM `oe_user` [ RunTime:0.1252s ]
SQL: SELECT * FROM `oe_user` WHERE `user_moblie` = '15510922836' LIMIT 1   [ RunTime:0.0235s ]
INFO: [ app_end ] --START--
INFO: Run Behavior\ShowPageTraceBehavior [ RunTime:0.003807s ]
INFO: [ app_end ] --END-- [ RunTime:0.003889s ]

[ 2016-10-14T18:07:14+08:00 ] 192.168.1.102 /OralEduServer/index.php/Home/UserHomepage/HomepageShow?
INFO: [ app_init ] --START--
INFO: Run Behavior\BuildLiteBehavior [ RunTime:0.000017s ]
INFO: [ app_init ] --END-- [ RunTime:0.000435s ]
INFO: [ app_begin ] --START--
INFO: Run Behavior\ReadHtmlCacheBehavior [ RunTime:0.000469s ]
INFO: [ app_begin ] --END-- [ RunTime:0.000518s ]
SQL: SHOW COLUMNS FROM `oe_user` [ RunTime:0.1252s ]
SQL: SELECT * FROM `oe_user` WHERE `user_moblie` = '15510922836' LIMIT 1   [ RunTime:0.0238s ]
INFO: [ app_end ] --START--
INFO: Run Behavior\ShowPageTraceBehavior [ RunTime:0.003866s ]
INFO: [ app_end ] --END-- [ RunTime:0.003948s ]

[ 2016-10-14T18:07:14+08:00 ] 192.168.1.102 /OralEduServer/index.php/Home/Contact/UserContact?
INFO: [ app_init ] --START--
INFO: Run Behavior\BuildLiteBehavior [ RunTime:0.000020s ]
INFO: [ app_init ] --END-- [ RunTime:0.004816s ]
INFO: [ app_begin ] --START--
INFO: Run Behavior\ReadHtmlCacheBehavior [ RunTime:0.003881s ]
INFO: [ app_begin ] --END-- [ RunTime:0.003942s ]
SQL: SHOW COLUMNS FROM `oe_contacts` [ RunTime:0.1251s ]
SQL: SELECT * FROM `oe_contacts` WHERE `user_moblie` = '15510922836'  [ RunTime:0.0234s ]
SQL: SHOW COLUMNS FROM `oe_user` [ RunTime:0.0079s ]
SQL: SELECT * FROM `oe_user` WHERE `user_moblie` = '12345678901' LIMIT 1   [ RunTime:0.0005s ]
SQL: SELECT * FROM `oe_user` WHERE `user_moblie` = '12345678902' LIMIT 1   [ RunTime:0.0004s ]
INFO: [ app_end ] --START--
INFO: Run Behavior\ShowPageTraceBehavior [ RunTime:0.000621s ]
INFO: [ app_end ] --END-- [ RunTime:0.000667s ]

[ 2016-10-14T18:07:44+08:00 ] 192.168.1.102 /OralEduServer/index.php/Home/UserHomepage/HomepageShow?
INFO: [ app_init ] --START--
INFO: Run Behavior\BuildLiteBehavior [ RunTime:0.000017s ]
INFO: [ app_init ] --END-- [ RunTime:0.003362s ]
INFO: [ app_begin ] --START--
INFO: Run Behavior\ReadHtmlCacheBehavior [ RunTime:0.003903s ]
INFO: [ app_begin ] --END-- [ RunTime:0.004025s ]
SQL: SHOW COLUMNS FROM `oe_user` [ RunTime:0.0054s ]
SQL: SELECT * FROM `oe_user` WHERE `user_moblie` = '15510922836' LIMIT 1   [ RunTime:0.0006s ]
INFO: [ app_end ] --START--
INFO: Run Behavior\ShowPageTraceBehavior [ RunTime:0.002795s ]
INFO: [ app_end ] --END-- [ RunTime:0.002842s ]

[ 2016-10-14T18:07:44+08:00 ] 192.168.1.102 /OralEduServer/index.php/Home/UserHomepage/HomepageShow?
INFO: [ app_init ] --START--
INFO: Run Behavior\BuildLiteBehavior [ RunTime:0.000060s ]
INFO: [ app_init ] --END-- [ RunTime:0.000291s ]
INFO: [ app_begin ] --START--
INFO: Run Behavior\ReadHtmlCacheBehavior [ RunTime:0.000415s ]
INFO: [ app_begin ] --END-- [ RunTime:0.000450s ]
SQL: SHOW COLUMNS FROM `oe_user` [ RunTime:0.0039s ]
SQL: SELECT * FROM `oe_user` WHERE `user_moblie` = '15510922836' LIMIT 1   [ RunTime:0.0006s ]
INFO: [ app_end ] --START--
INFO: Run Behavior\ShowPageTraceBehavior [ RunTime:0.000504s ]
INFO: [ app_end ] --END-- [ RunTime:0.000544s ]

[ 2016-10-14T18:07:44+08:00 ] 192.168.1.102 /OralEduServer/index.php/Home/Contact/UserContact?
INFO: [ app_init ] --START--
INFO: Run Behavior\BuildLiteBehavior [ RunTime:0.000015s ]
INFO: [ app_init ] --END-- [ RunTime:0.000409s ]
INFO: [ app_begin ] --START--
INFO: Run Behavior\ReadHtmlCacheBehavior [ RunTime:0.000719s ]
INFO: [ app_begin ] --END-- [ RunTime:0.000779s ]
SQL: SHOW COLUMNS FROM `oe_contacts` [ RunTime:0.0024s ]
SQL: SELECT * FROM `oe_contacts` WHERE `user_moblie` = '15510922836'  [ RunTime:0.0005s ]
SQL: SHOW COLUMNS FROM `oe_user` [ RunTime:0.0064s ]
SQL: SELECT * FROM `oe_user` WHERE `user_moblie` = '12345678901' LIMIT 1   [ RunTime:0.0005s ]
SQL: SELECT * FROM `oe_user` WHERE `user_moblie` = '12345678902' LIMIT 1   [ RunTime:0.0006s ]
INFO: [ app_end ] --START--
INFO: Run Behavior\ShowPageTraceBehavior [ RunTime:0.000582s ]
INFO: [ app_end ] --END-- [ RunTime:0.000621s ]

[ 2016-10-14T18:08:12+08:00 ] 192.168.1.102 /OralEduServer/index.php/Home/UserHomepage/HomepageShow?
INFO: [ app_init ] --START--
INFO: Run Behavior\BuildLiteBehavior [ RunTime:0.000012s ]
INFO: [ app_init ] --END-- [ RunTime:0.000648s ]
INFO: [ app_begin ] --START--
INFO: Run Behavior\ReadHtmlCacheBehavior [ RunTime:0.000750s ]
INFO: [ app_begin ] --END-- [ RunTime:0.000952s ]
SQL: SHOW COLUMNS FROM `oe_user` [ RunTime:0.0082s ]
SQL: SELECT * FROM `oe_user` WHERE `user_moblie` = '15510922836' LIMIT 1   [ RunTime:0.0012s ]
INFO: [ app_end ] --START--
INFO: Run Behavior\ShowPageTraceBehavior [ RunTime:0.004415s ]
INFO: [ app_end ] --END-- [ RunTime:0.004636s ]

[ 2016-10-14T18:08:12+08:00 ] 192.168.1.102 /OralEduServer/index.php/Home/Contact/UserContact?
INFO: [ app_init ] --START--
INFO: Run Behavior\BuildLiteBehavior [ RunTime:0.000018s ]
INFO: [ app_init ] --END-- [ RunTime:0.000688s ]
INFO: [ app_begin ] --START--
INFO: Run Behavior\ReadHtmlCacheBehavior [ RunTime:0.001314s ]
INFO: [ app_begin ] --END-- [ RunTime:0.001514s ]
SQL: SHOW COLUMNS FROM `oe_contacts` [ RunTime:0.0070s ]
SQL: SELECT * FROM `oe_contacts` WHERE `user_moblie` = '15510922836'  [ RunTime:0.0007s ]
SQL: SHOW COLUMNS FROM `oe_user` [ RunTime:0.0068s ]
SQL: SELECT * FROM `oe_user` WHERE `user_moblie` = '12345678901' LIMIT 1   [ RunTime:0.0007s ]
SQL: SELECT * FROM `oe_user` WHERE `user_moblie` = '12345678902' LIMIT 1   [ RunTime:0.0005s ]
INFO: [ app_end ] --START--
INFO: Run Behavior\ShowPageTraceBehavior [ RunTime:0.000588s ]
INFO: [ app_end ] --END-- [ RunTime:0.000626s ]

[ 2016-10-14T18:08:30+08:00 ] 192.168.1.102 /OralEduServer/index.php/Home/UserHomepage/HomepageShow?
INFO: [ app_init ] --START--
INFO: Run Behavior\BuildLiteBehavior [ RunTime:0.000017s ]
INFO: [ app_init ] --END-- [ RunTime:0.003930s ]
INFO: [ app_begin ] --START--
INFO: Run Behavior\ReadHtmlCacheBehavior [ RunTime:0.003878s ]
INFO: [ app_begin ] --END-- [ RunTime:0.003950s ]
SQL: SHOW COLUMNS FROM `oe_user` [ RunTime:0.0103s ]
SQL: SELECT * FROM `oe_user` WHERE `user_moblie` = '15510922836' LIMIT 1   [ RunTime:0.0037s ]
INFO: [ app_end ] --START--
INFO: Run Behavior\ShowPageTraceBehavior [ RunTime:0.003298s ]
INFO: [ app_end ] --END-- [ RunTime:0.003358s ]

[ 2016-10-14T18:08:32+08:00 ] 192.168.1.102 /OralEduServer/index.php/Home/Userpage/UserpageShow?
INFO: [ app_init ] --START--
INFO: Run Behavior\BuildLiteBehavior [ RunTime:0.000009s ]
INFO: [ app_init ] --END-- [ RunTime:0.000289s ]
INFO: [ app_begin ] --START--
INFO: Run Behavior\ReadHtmlCacheBehavior [ RunTime:0.000323s ]
INFO: [ app_begin ] --END-- [ RunTime:0.000355s ]
SQL: SHOW COLUMNS FROM `oe_user` [ RunTime:0.0100s ]
SQL: SELECT * FROM `oe_user` WHERE `user_moblie` = '15510922836' LIMIT 1   [ RunTime:0.0007s ]
INFO: [ app_end ] --START--
INFO: Run Behavior\ShowPageTraceBehavior [ RunTime:0.000639s ]
INFO: [ app_end ] --END-- [ RunTime:0.000683s ]

[ 2016-10-14T18:09:01+08:00 ] 192.168.1.102 /OralEduServer/index.php/Home/User/UserLogin
INFO: [ app_init ] --START--
INFO: Run Behavior\BuildLiteBehavior [ RunTime:0.000016s ]
INFO: [ app_init ] --END-- [ RunTime:0.000842s ]
INFO: [ app_begin ] --START--
INFO: Run Behavior\ReadHtmlCacheBehavior [ RunTime:0.003966s ]
INFO: [ app_begin ] --END-- [ RunTime:0.004053s ]
SQL: SHOW COLUMNS FROM `oe_user` [ RunTime:0.0050s ]
SQL: SELECT * FROM `oe_user` WHERE `user_moblie` = '12345678902' LIMIT 1   [ RunTime:0.0007s ]
INFO: [ app_end ] --START--
INFO: Run Behavior\ShowPageTraceBehavior [ RunTime:0.004151s ]
INFO: [ app_end ] --END-- [ RunTime:0.004213s ]

[ 2016-10-14T18:09:01+08:00 ] 192.168.1.102 /OralEduServer/index.php/Home/UserHomepage/HomepageShow?
INFO: [ app_init ] --START--
INFO: Run Behavior\BuildLiteBehavior [ RunTime:0.000011s ]
INFO: [ app_init ] --END-- [ RunTime:0.000362s ]
INFO: [ app_begin ] --START--
INFO: Run Behavior\ReadHtmlCacheBehavior [ RunTime:0.000407s ]
INFO: [ app_begin ] --END-- [ RunTime:0.000449s ]
SQL: SHOW COLUMNS FROM `oe_user` [ RunTime:0.0100s ]
SQL: SELECT * FROM `oe_user` WHERE `user_moblie` = '12345678902' LIMIT 1   [ RunTime:0.0006s ]
INFO: [ app_end ] --START--
INFO: Run Behavior\ShowPageTraceBehavior [ RunTime:0.000538s ]
INFO: [ app_end ] --END-- [ RunTime:0.000569s ]

[ 2016-10-14T18:09:01+08:00 ] 192.168.1.102 /OralEduServer/index.php/Home/Userpage/UserpageShow?
INFO: [ app_init ] --START--
INFO: Run Behavior\BuildLiteBehavior [ RunTime:0.000007s ]
INFO: [ app_init ] --END-- [ RunTime:0.000199s ]
INFO: [ app_begin ] --START--
INFO: Run Behavior\ReadHtmlCacheBehavior [ RunTime:0.000241s ]
INFO: [ app_begin ] --END-- [ RunTime:0.000265s ]
SQL: SHOW COLUMNS FROM `oe_user` [ RunTime:0.0027s ]
SQL: SELECT * FROM `oe_user` WHERE `user_moblie` = '12345678902' LIMIT 1   [ RunTime:0.0004s ]
INFO: [ app_end ] --START--
INFO: Run Behavior\ShowPageTraceBehavior [ RunTime:0.000374s ]
INFO: [ app_end ] --END-- [ RunTime:0.000396s ]

[ 2016-10-14T18:09:04+08:00 ] 192.168.1.102 /OralEduServer/index.php/Home/UserHomepage/HomepageShow?
INFO: [ app_init ] --START--
INFO: Run Behavior\BuildLiteBehavior [ RunTime:0.000009s ]
INFO: [ app_init ] --END-- [ RunTime:0.000260s ]
INFO: [ app_begin ] --START--
INFO: Run Behavior\ReadHtmlCacheBehavior [ RunTime:0.000330s ]
INFO: [ app_begin ] --END-- [ RunTime:0.000355s ]
SQL: SHOW COLUMNS FROM `oe_user` [ RunTime:0.0015s ]
SQL: SELECT * FROM `oe_user` WHERE `user_moblie` = '12345678902' LIMIT 1   [ RunTime:0.0004s ]
INFO: [ app_end ] --START--
INFO: Run Behavior\ShowPageTraceBehavior [ RunTime:0.000457s ]
INFO: [ app_end ] --END-- [ RunTime:0.000484s ]

[ 2016-10-14T18:09:04+08:00 ] 192.168.1.102 /OralEduServer/index.php/Home/UserHomepage/HomepageShow?
INFO: [ app_init ] --START--
INFO: Run Behavior\BuildLiteBehavior [ RunTime:0.000009s ]
INFO: [ app_init ] --END-- [ RunTime:0.000242s ]
INFO: [ app_begin ] --START--
INFO: Run Behavior\ReadHtmlCacheBehavior [ RunTime:0.000314s ]
INFO: [ app_begin ] --END-- [ RunTime:0.000343s ]
SQL: SHOW COLUMNS FROM `oe_user` [ RunTime:0.0056s ]
SQL: SELECT * FROM `oe_user` WHERE `user_moblie` = '12345678902' LIMIT 1   [ RunTime:0.0005s ]
INFO: [ app_end ] --START--
INFO: Run Behavior\ShowPageTraceBehavior [ RunTime:0.000399s ]
INFO: [ app_end ] --END-- [ RunTime:0.000428s ]

[ 2016-10-14T18:09:04+08:00 ] 192.168.1.102 /OralEduServer/index.php/Home/Contact/UserContact?
INFO: [ app_init ] --START--
INFO: Run Behavior\BuildLiteBehavior [ RunTime:0.000012s ]
INFO: [ app_init ] --END-- [ RunTime:0.000273s ]
INFO: [ app_begin ] --START--
INFO: Run Behavior\ReadHtmlCacheBehavior [ RunTime:0.000266s ]
INFO: [ app_begin ] --END-- [ RunTime:0.000290s ]
SQL: SHOW COLUMNS FROM `oe_contacts` [ RunTime:0.0017s ]
SQL: SELECT * FROM `oe_contacts` WHERE `user_moblie` = '12345678902'  [ RunTime:0.0004s ]
SQL: SHOW COLUMNS FROM `oe_user` [ RunTime:0.0035s ]
SQL: SELECT * FROM `oe_user` WHERE `user_moblie` = '12345678901' LIMIT 1   [ RunTime:0.0007s ]
SQL: SELECT * FROM `oe_user` WHERE `user_moblie` = '15510922836' LIMIT 1   [ RunTime:0.0004s ]
INFO: [ app_end ] --START--
INFO: Run Behavior\ShowPageTraceBehavior [ RunTime:0.000393s ]
INFO: [ app_end ] --END-- [ RunTime:0.000426s ]

[ 2016-10-14T18:09:49+08:00 ] 192.168.1.100 /OralEduServer/index.php/Home/User/UserLogin
INFO: [ app_init ] --START--
INFO: Run Behavior\BuildLiteBehavior [ RunTime:0.000010s ]
INFO: [ app_init ] --END-- [ RunTime:0.000507s ]
INFO: [ app_begin ] --START--
INFO: Run Behavior\ReadHtmlCacheBehavior [ RunTime:0.000545s ]
INFO: [ app_begin ] --END-- [ RunTime:0.000583s ]
SQL: SHOW COLUMNS FROM `oe_user` [ RunTime:0.0049s ]
SQL: SELECT * FROM `oe_user` WHERE `user_moblie` = '12345678901' LIMIT 1   [ RunTime:0.0005s ]
INFO: [ app_end ] --START--
INFO: Run Behavior\ShowPageTraceBehavior [ RunTime:0.003818s ]
INFO: [ app_end ] --END-- [ RunTime:0.003864s ]

[ 2016-10-14T18:09:49+08:00 ] 192.168.1.100 /OralEduServer/index.php/Home/UserHomepage/HomepageShow?
INFO: [ app_init ] --START--
INFO: Run Behavior\BuildLiteBehavior [ RunTime:0.000018s ]
INFO: [ app_init ] --END-- [ RunTime:0.000425s ]
INFO: [ app_begin ] --START--
INFO: Run Behavior\ReadHtmlCacheBehavior [ RunTime:0.000626s ]
INFO: [ app_begin ] --END-- [ RunTime:0.000693s ]
SQL: SHOW COLUMNS FROM `oe_user` [ RunTime:0.0070s ]
SQL: SELECT * FROM `oe_user` WHERE `user_moblie` = '12345678901' LIMIT 1   [ RunTime:0.0009s ]
INFO: [ app_end ] --START--
INFO: Run Behavior\ShowPageTraceBehavior [ RunTime:0.000615s ]
INFO: [ app_end ] --END-- [ RunTime:0.000660s ]

[ 2016-10-14T18:09:49+08:00 ] 192.168.1.100 /OralEduServer/index.php/Home/UserHomepage/HomepageShow?
INFO: [ app_init ] --START--
INFO: Run Behavior\BuildLiteBehavior [ RunTime:0.000010s ]
INFO: [ app_init ] --END-- [ RunTime:0.000300s ]
INFO: [ app_begin ] --START--
INFO: Run Behavior\ReadHtmlCacheBehavior [ RunTime:0.000505s ]
INFO: [ app_begin ] --END-- [ RunTime:0.000561s ]
SQL: SHOW COLUMNS FROM `oe_user` [ RunTime:0.0048s ]
SQL: SELECT * FROM `oe_user` WHERE `user_moblie` = '12345678901' LIMIT 1   [ RunTime:0.0007s ]
INFO: [ app_end ] --START--
INFO: Run Behavior\ShowPageTraceBehavior [ RunTime:0.000621s ]
INFO: [ app_end ] --END-- [ RunTime:0.000671s ]

[ 2016-10-14T18:09:49+08:00 ] 192.168.1.100 /OralEduServer/index.php/Home/Contact/UserContact?
INFO: [ app_init ] --START--
INFO: Run Behavior\BuildLiteBehavior [ RunTime:0.000010s ]
INFO: [ app_init ] --END-- [ RunTime:0.000322s ]
INFO: [ app_begin ] --START--
INFO: Run Behavior\ReadHtmlCacheBehavior [ RunTime:0.000429s ]
INFO: [ app_begin ] --END-- [ RunTime:0.000473s ]
SQL: SHOW COLUMNS FROM `oe_contacts` [ RunTime:0.0082s ]
SQL: SELECT * FROM `oe_contacts` WHERE `user_moblie` = '12345678901'  [ RunTime:0.0008s ]
SQL: SHOW COLUMNS FROM `oe_user` [ RunTime:0.0065s ]
SQL: SELECT * FROM `oe_user` WHERE `user_moblie` = '12345678902' LIMIT 1   [ RunTime:0.0005s ]
SQL: SELECT * FROM `oe_user` WHERE `user_moblie` = '15510922836' LIMIT 1   [ RunTime:0.0016s ]
INFO: [ app_end ] --START--
INFO: Run Behavior\ShowPageTraceBehavior [ RunTime:0.000559s ]
INFO: [ app_end ] --END-- [ RunTime:0.000601s ]

[ 2016-10-14T18:09:52+08:00 ] 192.168.1.102 /OralEduServer/index.php/Home/Userspage/HomepageShow?
INFO: [ app_init ] --START--
INFO: Run Behavior\BuildLiteBehavior [ RunTime:0.000007s ]
INFO: [ app_init ] --END-- [ RunTime:0.000236s ]
INFO: [ app_begin ] --START--
INFO: Run Behavior\ReadHtmlCacheBehavior [ RunTime:0.000300s ]
INFO: [ app_begin ] --END-- [ RunTime:0.000329s ]
SQL: SHOW COLUMNS FROM `oe_user` [ RunTime:0.0032s ]
SQL: SELECT * FROM `oe_user` WHERE `user_moblie` = '12345678901' LIMIT 1   [ RunTime:0.0004s ]
INFO: [ app_end ] --START--
INFO: Run Behavior\ShowPageTraceBehavior [ RunTime:0.000332s ]
INFO: [ app_end ] --END-- [ RunTime:0.000354s ]

[ 2016-10-14T18:10:00+08:00 ] 192.168.1.102 /OralEduServer/index.php/Home/Contact/UserContact?
INFO: [ app_init ] --START--
INFO: Run Behavior\BuildLiteBehavior [ RunTime:0.000007s ]
INFO: [ app_init ] --END-- [ RunTime:0.000202s ]
INFO: [ app_begin ] --START--
INFO: Run Behavior\ReadHtmlCacheBehavior [ RunTime:0.000245s ]
INFO: [ app_begin ] --END-- [ RunTime:0.000269s ]
SQL: SHOW COLUMNS FROM `oe_contacts` [ RunTime:0.0063s ]
SQL: SELECT * FROM `oe_contacts` WHERE `user_moblie` = '12345678902'  [ RunTime:0.0005s ]
SQL: SHOW COLUMNS FROM `oe_user` [ RunTime:0.0038s ]
SQL: SELECT * FROM `oe_user` WHERE `user_moblie` = '12345678901' LIMIT 1   [ RunTime:0.0004s ]
SQL: SELECT * FROM `oe_user` WHERE `user_moblie` = '15510922836' LIMIT 1   [ RunTime:0.0003s ]
INFO: [ app_end ] --START--
INFO: Run Behavior\ShowPageTraceBehavior [ RunTime:0.000337s ]
INFO: [ app_end ] --END-- [ RunTime:0.000359s ]

[ 2016-10-14T18:10:00+08:00 ] 192.168.1.102 /OralEduServer/index.php/Home/UserHomepage/HomepageShow?
INFO: [ app_init ] --START--
INFO: Run Behavior\BuildLiteBehavior [ RunTime:0.000007s ]
INFO: [ app_init ] --END-- [ RunTime:0.000223s ]
INFO: [ app_begin ] --START--
INFO: Run Behavior\ReadHtmlCacheBehavior [ RunTime:0.000256s ]
INFO: [ app_begin ] --END-- [ RunTime:0.000289s ]
SQL: SHOW COLUMNS FROM `oe_user` [ RunTime:0.0064s ]
SQL: SELECT * FROM `oe_user` WHERE `user_moblie` = '12345678902' LIMIT 1   [ RunTime:0.0004s ]
INFO: [ app_end ] --START--
INFO: Run Behavior\ShowPageTraceBehavior [ RunTime:0.000475s ]
INFO: [ app_end ] --END-- [ RunTime:0.000505s ]

[ 2016-10-14T18:10:04+08:00 ] 192.168.1.100 /OralEduServer/index.php/Home/Userspage/HomepageShow?
INFO: [ app_init ] --START--
INFO: Run Behavior\BuildLiteBehavior [ RunTime:0.000007s ]
INFO: [ app_init ] --END-- [ RunTime:0.000236s ]
INFO: [ app_begin ] --START--
INFO: Run Behavior\ReadHtmlCacheBehavior [ RunTime:0.000286s ]
INFO: [ app_begin ] --END-- [ RunTime:0.000313s ]
SQL: SHOW COLUMNS FROM `oe_user` [ RunTime:0.0037s ]
SQL: SELECT * FROM `oe_user` WHERE `user_moblie` = '12345678902' LIMIT 1   [ RunTime:0.0005s ]
INFO: [ app_end ] --START--
INFO: Run Behavior\ShowPageTraceBehavior [ RunTime:0.000352s ]
INFO: [ app_end ] --END-- [ RunTime:0.000375s ]

[ 2016-10-14T18:10:10+08:00 ] 192.168.1.100 /OralEduServer/index.php/Home/UserHomepage/HomepageShow?
INFO: [ app_init ] --START--
INFO: Run Behavior\BuildLiteBehavior [ RunTime:0.000012s ]
INFO: [ app_init ] --END-- [ RunTime:0.000350s ]
INFO: [ app_begin ] --START--
INFO: Run Behavior\ReadHtmlCacheBehavior [ RunTime:0.000437s ]
INFO: [ app_begin ] --END-- [ RunTime:0.000518s ]
SQL: SHOW COLUMNS FROM `oe_user` [ RunTime:0.0064s ]
SQL: SELECT * FROM `oe_user` WHERE `user_moblie` = '12345678901' LIMIT 1   [ RunTime:0.0006s ]
INFO: [ app_end ] --START--
INFO: Run Behavior\ShowPageTraceBehavior [ RunTime:0.000987s ]
INFO: [ app_end ] --END-- [ RunTime:0.001062s ]

[ 2016-10-14T18:10:10+08:00 ] 192.168.1.100 /OralEduServer/index.php/Home/Contact/UserContact?
INFO: [ app_init ] --START--
INFO: Run Behavior\BuildLiteBehavior [ RunTime:0.000011s ]
INFO: [ app_init ] --END-- [ RunTime:0.000262s ]
INFO: [ app_begin ] --START--
INFO: Run Behavior\ReadHtmlCacheBehavior [ RunTime:0.000442s ]
INFO: [ app_begin ] --END-- [ RunTime:0.000487s ]
SQL: SHOW COLUMNS FROM `oe_contacts` [ RunTime:0.0029s ]
SQL: SELECT * FROM `oe_contacts` WHERE `user_moblie` = '12345678901'  [ RunTime:0.0003s ]
SQL: SHOW COLUMNS FROM `oe_user` [ RunTime:0.0040s ]
SQL: SELECT * FROM `oe_user` WHERE `user_moblie` = '12345678902' LIMIT 1   [ RunTime:0.0010s ]
SQL: SELECT * FROM `oe_user` WHERE `user_moblie` = '15510922836' LIMIT 1   [ RunTime:0.0008s ]
INFO: [ app_end ] --START--
INFO: Run Behavior\ShowPageTraceBehavior [ RunTime:0.001022s ]
INFO: [ app_end ] --END-- [ RunTime:0.001071s ]

[ 2016-10-14T18:10:15+08:00 ] 192.168.1.102 /OralEduServer/index.php/Home/UserHomepage/HomepageShow?
INFO: [ app_init ] --START--
INFO: Run Behavior\BuildLiteBehavior [ RunTime:0.000009s ]
INFO: [ app_init ] --END-- [ RunTime:0.000294s ]
INFO: [ app_begin ] --START--
INFO: Run Behavior\ReadHtmlCacheBehavior [ RunTime:0.000293s ]
INFO: [ app_begin ] --END-- [ RunTime:0.000322s ]
SQL: SHOW COLUMNS FROM `oe_user` [ RunTime:0.0036s ]
SQL: SELECT * FROM `oe_user` WHERE `user_moblie` = '12345678902' LIMIT 1   [ RunTime:0.0005s ]
INFO: [ app_end ] --START--
INFO: Run Behavior\ShowPageTraceBehavior [ RunTime:0.000437s ]
INFO: [ app_end ] --END-- [ RunTime:0.000461s ]

[ 2016-10-14T18:10:15+08:00 ] 192.168.1.102 /OralEduServer/index.php/Home/UserHomepage/HomepageShow?
INFO: [ app_init ] --START--
INFO: Run Behavior\BuildLiteBehavior [ RunTime:0.000009s ]
INFO: [ app_init ] --END-- [ RunTime:0.000290s ]
INFO: [ app_begin ] --START--
INFO: Run Behavior\ReadHtmlCacheBehavior [ RunTime:0.000366s ]
INFO: [ app_begin ] --END-- [ RunTime:0.000401s ]
SQL: SHOW COLUMNS FROM `oe_user` [ RunTime:0.0063s ]
SQL: SELECT * FROM `oe_user` WHERE `user_moblie` = '12345678902' LIMIT 1   [ RunTime:0.0005s ]
INFO: [ app_end ] --START--
INFO: Run Behavior\ShowPageTraceBehavior [ RunTime:0.000415s ]
INFO: [ app_end ] --END-- [ RunTime:0.000443s ]

[ 2016-10-14T18:10:15+08:00 ] 192.168.1.102 /OralEduServer/index.php/Home/Contact/UserContact?
INFO: [ app_init ] --START--
INFO: Run Behavior\BuildLiteBehavior [ RunTime:0.000006s ]
INFO: [ app_init ] --END-- [ RunTime:0.000181s ]
INFO: [ app_begin ] --START--
INFO: Run Behavior\ReadHtmlCacheBehavior [ RunTime:0.000219s ]
INFO: [ app_begin ] --END-- [ RunTime:0.000240s ]
SQL: SHOW COLUMNS FROM `oe_contacts` [ RunTime:0.0066s ]
SQL: SELECT * FROM `oe_contacts` WHERE `user_moblie` = '12345678902'  [ RunTime:0.0006s ]
SQL: SHOW COLUMNS FROM `oe_user` [ RunTime:0.0039s ]
SQL: SELECT * FROM `oe_user` WHERE `user_moblie` = '12345678901' LIMIT 1   [ RunTime:0.0007s ]
SQL: SELECT * FROM `oe_user` WHERE `user_moblie` = '15510922836' LIMIT 1   [ RunTime:0.0006s ]
INFO: [ app_end ] --START--
INFO: Run Behavior\ShowPageTraceBehavior [ RunTime:0.000622s ]
INFO: [ app_end ] --END-- [ RunTime:0.000664s ]

[ 2016-10-14T18:10:17+08:00 ] 192.168.1.102 /OralEduServer/index.php/Home/Userspage/HomepageShow?
INFO: [ app_init ] --START--
INFO: Run Behavior\BuildLiteBehavior [ RunTime:0.000008s ]
INFO: [ app_init ] --END-- [ RunTime:0.000286s ]
INFO: [ app_begin ] --START--
INFO: Run Behavior\ReadHtmlCacheBehavior [ RunTime:0.000385s ]
INFO: [ app_begin ] --END-- [ RunTime:0.000418s ]
SQL: SHOW COLUMNS FROM `oe_user` [ RunTime:0.0064s ]
SQL: SELECT * FROM `oe_user` WHERE `user_moblie` = '12345678901' LIMIT 1   [ RunTime:0.0005s ]
INFO: [ app_end ] --START--
INFO: Run Behavior\ShowPageTraceBehavior [ RunTime:0.000500s ]
INFO: [ app_end ] --END-- [ RunTime:0.000535s ]

[ 2016-10-14T18:10:58+08:00 ] 192.168.1.100 /OralEduServer/index.php/Home/UserHomepage/HomepageShow?
INFO: [ app_init ] --START--
INFO: Run Behavior\BuildLiteBehavior [ RunTime:0.000022s ]
INFO: [ app_init ] --END-- [ RunTime:0.000724s ]
INFO: [ app_begin ] --START--
INFO: Run Behavior\ReadHtmlCacheBehavior [ RunTime:0.000644s ]
INFO: [ app_begin ] --END-- [ RunTime:0.000692s ]
SQL: SHOW COLUMNS FROM `oe_user` [ RunTime:0.0050s ]
SQL: SELECT * FROM `oe_user` WHERE `user_moblie` = '12345678901' LIMIT 1   [ RunTime:0.0006s ]
INFO: [ app_end ] --START--
INFO: Run Behavior\ShowPageTraceBehavior [ RunTime:0.002874s ]
INFO: [ app_end ] --END-- [ RunTime:0.002922s ]

[ 2016-10-14T18:10:58+08:00 ] 192.168.1.100 /OralEduServer/index.php/Home/Contact/UserContact?
INFO: [ app_init ] --START--
INFO: Run Behavior\BuildLiteBehavior [ RunTime:0.000020s ]
INFO: [ app_init ] --END-- [ RunTime:0.000719s ]
INFO: [ app_begin ] --START--
INFO: Run Behavior\ReadHtmlCacheBehavior [ RunTime:0.000674s ]
INFO: [ app_begin ] --END-- [ RunTime:0.000721s ]
SQL: SHOW COLUMNS FROM `oe_contacts` [ RunTime:0.0072s ]
SQL: SELECT * FROM `oe_contacts` WHERE `user_moblie` = '12345678901'  [ RunTime:0.0004s ]
SQL: SHOW COLUMNS FROM `oe_user` [ RunTime:0.0064s ]
SQL: SELECT * FROM `oe_user` WHERE `user_moblie` = '12345678902' LIMIT 1   [ RunTime:0.0005s ]
SQL: SELECT * FROM `oe_user` WHERE `user_moblie` = '15510922836' LIMIT 1   [ RunTime:0.0005s ]
INFO: [ app_end ] --START--
INFO: Run Behavior\ShowPageTraceBehavior [ RunTime:0.000584s ]
INFO: [ app_end ] --END-- [ RunTime:0.000632s ]

[ 2016-10-14T18:11:12+08:00 ] 192.168.1.100 /OralEduServer/index.php/Home/Contact/UserContact?
INFO: [ app_init ] --START--
INFO: Run Behavior\BuildLiteBehavior [ RunTime:0.000011s ]
INFO: [ app_init ] --END-- [ RunTime:0.000307s ]
INFO: [ app_begin ] --START--
INFO: Run Behavior\ReadHtmlCacheBehavior [ RunTime:0.000412s ]
INFO: [ app_begin ] --END-- [ RunTime:0.000450s ]
SQL: SHOW COLUMNS FROM `oe_contacts` [ RunTime:0.0065s ]
SQL: SELECT * FROM `oe_contacts` WHERE `user_moblie` = '12345678901'  [ RunTime:0.0005s ]
SQL: SHOW COLUMNS FROM `oe_user` [ RunTime:0.0071s ]
SQL: SELECT * FROM `oe_user` WHERE `user_moblie` = '12345678902' LIMIT 1   [ RunTime:0.0009s ]
SQL: SELECT * FROM `oe_user` WHERE `user_moblie` = '15510922836' LIMIT 1   [ RunTime:0.0014s ]
INFO: [ app_end ] --START--
INFO: Run Behavior\ShowPageTraceBehavior [ RunTime:0.001007s ]
INFO: [ app_end ] --END-- [ RunTime:0.001151s ]

[ 2016-10-14T18:11:12+08:00 ] 192.168.1.100 /OralEduServer/index.php/Home/UserHomepage/HomepageShow?
INFO: [ app_init ] --START--
INFO: Run Behavior\BuildLiteBehavior [ RunTime:0.000009s ]
INFO: [ app_init ] --END-- [ RunTime:0.000306s ]
INFO: [ app_begin ] --START--
INFO: Run Behavior\ReadHtmlCacheBehavior [ RunTime:0.000376s ]
INFO: [ app_begin ] --END-- [ RunTime:0.000410s ]
SQL: SHOW COLUMNS FROM `oe_user` [ RunTime:0.0065s ]
SQL: SELECT * FROM `oe_user` WHERE `user_moblie` = '12345678901' LIMIT 1   [ RunTime:0.0005s ]
INFO: [ app_end ] --START--
INFO: Run Behavior\ShowPageTraceBehavior [ RunTime:0.000512s ]
INFO: [ app_end ] --END-- [ RunTime:0.000555s ]

[ 2016-10-14T18:11:18+08:00 ] 192.168.1.102 /OralEduServer/index.php/Home/UserHomepage/HomepageShow?
INFO: [ app_init ] --START--
INFO: Run Behavior\BuildLiteBehavior [ RunTime:0.000008s ]
INFO: [ app_init ] --END-- [ RunTime:0.000239s ]
INFO: [ app_begin ] --START--
INFO: Run Behavior\ReadHtmlCacheBehavior [ RunTime:0.000299s ]
INFO: [ app_begin ] --END-- [ RunTime:0.000328s ]
SQL: SHOW COLUMNS FROM `oe_user` [ RunTime:0.0064s ]
SQL: SELECT * FROM `oe_user` WHERE `user_moblie` = '12345678902' LIMIT 1   [ RunTime:0.0005s ]
INFO: [ app_end ] --START--
INFO: Run Behavior\ShowPageTraceBehavior [ RunTime:0.000444s ]
INFO: [ app_end ] --END-- [ RunTime:0.000468s ]

[ 2016-10-14T18:11:18+08:00 ] 192.168.1.102 /OralEduServer/index.php/Home/UserHomepage/HomepageShow?
INFO: [ app_init ] --START--
INFO: Run Behavior\BuildLiteBehavior [ RunTime:0.000011s ]
INFO: [ app_init ] --END-- [ RunTime:0.000356s ]
INFO: [ app_begin ] --START--
INFO: Run Behavior\ReadHtmlCacheBehavior [ RunTime:0.000453s ]
INFO: [ app_begin ] --END-- [ RunTime:0.000496s ]
SQL: SHOW COLUMNS FROM `oe_user` [ RunTime:0.0064s ]
SQL: SELECT * FROM `oe_user` WHERE `user_moblie` = '12345678902' LIMIT 1   [ RunTime:0.0006s ]
INFO: [ app_end ] --START--
INFO: Run Behavior\ShowPageTraceBehavior [ RunTime:0.000504s ]
INFO: [ app_end ] --END-- [ RunTime:0.000538s ]

[ 2016-10-14T18:11:18+08:00 ] 192.168.1.102 /OralEduServer/index.php/Home/Contact/UserContact?
INFO: [ app_init ] --START--
INFO: Run Behavior\BuildLiteBehavior [ RunTime:0.000007s ]
INFO: [ app_init ] --END-- [ RunTime:0.000245s ]
INFO: [ app_begin ] --START--
INFO: Run Behavior\ReadHtmlCacheBehavior [ RunTime:0.000307s ]
INFO: [ app_begin ] --END-- [ RunTime:0.000331s ]
SQL: SHOW COLUMNS FROM `oe_contacts` [ RunTime:0.0063s ]
SQL: SELECT * FROM `oe_contacts` WHERE `user_moblie` = '12345678902'  [ RunTime:0.0004s ]
SQL: SHOW COLUMNS FROM `oe_user` [ RunTime:0.0066s ]
SQL: SELECT * FROM `oe_user` WHERE `user_moblie` = '12345678901' LIMIT 1   [ RunTime:0.0004s ]
SQL: SELECT * FROM `oe_user` WHERE `user_moblie` = '15510922836' LIMIT 1   [ RunTime:0.0003s ]
INFO: [ app_end ] --START--
INFO: Run Behavior\ShowPageTraceBehavior [ RunTime:0.000434s ]
INFO: [ app_end ] --END-- [ RunTime:0.000462s ]

[ 2016-10-14T18:11:25+08:00 ] 192.168.1.102 /OralEduServer/index.php/Home/Userspage/HomepageShow?
INFO: [ app_init ] --START--
INFO: Run Behavior\BuildLiteBehavior [ RunTime:0.000012s ]
INFO: [ app_init ] --END-- [ RunTime:0.000364s ]
INFO: [ app_begin ] --START--
INFO: Run Behavior\ReadHtmlCacheBehavior [ RunTime:0.000458s ]
INFO: [ app_begin ] --END-- [ RunTime:0.000501s ]
SQL: SHOW COLUMNS FROM `oe_user` [ RunTime:0.0067s ]
SQL: SELECT * FROM `oe_user` WHERE `user_moblie` = '12345678901' LIMIT 1   [ RunTime:0.0005s ]
INFO: [ app_end ] --START--
INFO: Run Behavior\ShowPageTraceBehavior [ RunTime:0.000555s ]
INFO: [ app_end ] --END-- [ RunTime:0.000590s ]

[ 2016-10-14T18:11:27+08:00 ] 192.168.1.100 /OralEduServer/index.php/Home/Contact/UserContact?
INFO: [ app_init ] --START--
INFO: Run Behavior\BuildLiteBehavior [ RunTime:0.000007s ]
INFO: [ app_init ] --END-- [ RunTime:0.000299s ]
INFO: [ app_begin ] --START--
INFO: Run Behavior\ReadHtmlCacheBehavior [ RunTime:0.000409s ]
INFO: [ app_begin ] --END-- [ RunTime:0.000455s ]
SQL: SHOW COLUMNS FROM `oe_contacts` [ RunTime:0.0030s ]
SQL: SELECT * FROM `oe_contacts` WHERE `user_moblie` = '12345678901'  [ RunTime:0.0006s ]
SQL: SHOW COLUMNS FROM `oe_user` [ RunTime:0.0031s ]
SQL: SELECT * FROM `oe_user` WHERE `user_moblie` = '12345678902' LIMIT 1   [ RunTime:0.0004s ]
SQL: SELECT * FROM `oe_user` WHERE `user_moblie` = '15510922836' LIMIT 1   [ RunTime:0.0004s ]
INFO: [ app_end ] --START--
INFO: Run Behavior\ShowPageTraceBehavior [ RunTime:0.000519s ]
INFO: [ app_end ] --END-- [ RunTime:0.000565s ]

[ 2016-10-14T18:11:27+08:00 ] 192.168.1.100 /OralEduServer/index.php/Home/UserHomepage/HomepageShow?
INFO: [ app_init ] --START--
INFO: Run Behavior\BuildLiteBehavior [ RunTime:0.000009s ]
INFO: [ app_init ] --END-- [ RunTime:0.000301s ]
INFO: [ app_begin ] --START--
INFO: Run Behavior\ReadHtmlCacheBehavior [ RunTime:0.000397s ]
INFO: [ app_begin ] --END-- [ RunTime:0.000440s ]
SQL: SHOW COLUMNS FROM `oe_user` [ RunTime:0.0072s ]
SQL: SELECT * FROM `oe_user` WHERE `user_moblie` = '12345678901' LIMIT 1   [ RunTime:0.0009s ]
INFO: [ app_end ] --START--
INFO: Run Behavior\ShowPageTraceBehavior [ RunTime:0.000743s ]
INFO: [ app_end ] --END-- [ RunTime:0.000824s ]

[ 2016-10-14T18:11:32+08:00 ] 192.168.1.100 /OralEduServer/index.php/Home/Contact/UserContact?
INFO: [ app_init ] --START--
INFO: Run Behavior\BuildLiteBehavior [ RunTime:0.000008s ]
INFO: [ app_init ] --END-- [ RunTime:0.000202s ]
INFO: [ app_begin ] --START--
INFO: Run Behavior\ReadHtmlCacheBehavior [ RunTime:0.000293s ]
INFO: [ app_begin ] --END-- [ RunTime:0.000318s ]
SQL: SHOW COLUMNS FROM `oe_contacts` [ RunTime:0.0033s ]
SQL: SELECT * FROM `oe_contacts` WHERE `user_moblie` = '12345678901'  [ RunTime:0.0004s ]
SQL: SHOW COLUMNS FROM `oe_user` [ RunTime:0.0072s ]
SQL: SELECT * FROM `oe_user` WHERE `user_moblie` = '12345678902' LIMIT 1   [ RunTime:0.0006s ]
SQL: SELECT * FROM `oe_user` WHERE `user_moblie` = '15510922836' LIMIT 1   [ RunTime:0.0005s ]
INFO: [ app_end ] --START--
INFO: Run Behavior\ShowPageTraceBehavior [ RunTime:0.000529s ]
INFO: [ app_end ] --END-- [ RunTime:0.000571s ]

[ 2016-10-14T18:11:32+08:00 ] 192.168.1.100 /OralEduServer/index.php/Home/UserHomepage/HomepageShow?
INFO: [ app_init ] --START--
INFO: Run Behavior\BuildLiteBehavior [ RunTime:0.000006s ]
INFO: [ app_init ] --END-- [ RunTime:0.000193s ]
INFO: [ app_begin ] --START--
INFO: Run Behavior\ReadHtmlCacheBehavior [ RunTime:0.000241s ]
INFO: [ app_begin ] --END-- [ RunTime:0.000265s ]
SQL: SHOW COLUMNS FROM `oe_user` [ RunTime:0.0069s ]
SQL: SELECT * FROM `oe_user` WHERE `user_moblie` = '12345678901' LIMIT 1   [ RunTime:0.0016s ]
INFO: [ app_end ] --START--
INFO: Run Behavior\ShowPageTraceBehavior [ RunTime:0.000668s ]
INFO: [ app_end ] --END-- [ RunTime:0.000714s ]

[ 2016-10-14T18:12:37+08:00 ] 192.168.1.102 /OralEduServer/index.php/Home/UserHomepage/HomepageShow?
INFO: [ app_init ] --START--
INFO: Run Behavior\BuildLiteBehavior [ RunTime:0.000009s ]
INFO: [ app_init ] --END-- [ RunTime:0.000297s ]
INFO: [ app_begin ] --START--
INFO: Run Behavior\ReadHtmlCacheBehavior [ RunTime:0.000430s ]
INFO: [ app_begin ] --END-- [ RunTime:0.000462s ]
SQL: SHOW COLUMNS FROM `oe_user` [ RunTime:0.0065s ]
SQL: SELECT * FROM `oe_user` WHERE `user_moblie` = '12345678902' LIMIT 1   [ RunTime:0.0005s ]
INFO: [ app_end ] --START--
INFO: Run Behavior\ShowPageTraceBehavior [ RunTime:0.000421s ]
INFO: [ app_end ] --END-- [ RunTime:0.000454s ]

[ 2016-10-14T18:12:37+08:00 ] 192.168.1.102 /OralEduServer/index.php/Home/Contact/UserContact?
INFO: [ app_init ] --START--
INFO: Run Behavior\BuildLiteBehavior [ RunTime:0.000008s ]
INFO: [ app_init ] --END-- [ RunTime:0.000258s ]
INFO: [ app_begin ] --START--
INFO: Run Behavior\ReadHtmlCacheBehavior [ RunTime:0.000315s ]
INFO: [ app_begin ] --END-- [ RunTime:0.000349s ]
SQL: SHOW COLUMNS FROM `oe_contacts` [ RunTime:0.0032s ]
SQL: SELECT * FROM `oe_contacts` WHERE `user_moblie` = '12345678902'  [ RunTime:0.0004s ]
SQL: SHOW COLUMNS FROM `oe_user` [ RunTime:0.0069s ]
SQL: SELECT * FROM `oe_user` WHERE `user_moblie` = '12345678901' LIMIT 1   [ RunTime:0.0005s ]
SQL: SELECT * FROM `oe_user` WHERE `user_moblie` = '15510922836' LIMIT 1   [ RunTime:0.0004s ]
INFO: [ app_end ] --START--
INFO: Run Behavior\ShowPageTraceBehavior [ RunTime:0.000430s ]
INFO: [ app_end ] --END-- [ RunTime:0.000458s ]

[ 2016-10-14T18:12:40+08:00 ] 192.168.1.100 /OralEduServer/index.php/Home/UserHomepage/HomepageShow?
INFO: [ app_init ] --START--
INFO: Run Behavior\BuildLiteBehavior [ RunTime:0.000007s ]
INFO: [ app_init ] --END-- [ RunTime:0.000194s ]
INFO: [ app_begin ] --START--
INFO: Run Behavior\ReadHtmlCacheBehavior [ RunTime:0.000300s ]
INFO: [ app_begin ] --END-- [ RunTime:0.000331s ]
SQL: SHOW COLUMNS FROM `oe_user` [ RunTime:0.0062s ]
SQL: SELECT * FROM `oe_user` WHERE `user_moblie` = '12345678901' LIMIT 1   [ RunTime:0.0006s ]
INFO: [ app_end ] --START--
INFO: Run Behavior\ShowPageTraceBehavior [ RunTime:0.000586s ]
INFO: [ app_end ] --END-- [ RunTime:0.000629s ]

[ 2016-10-14T18:12:40+08:00 ] 192.168.1.100 /OralEduServer/index.php/Home/Contact/UserContact?
INFO: [ app_init ] --START--
INFO: Run Behavior\BuildLiteBehavior [ RunTime:0.000006s ]
INFO: [ app_init ] --END-- [ RunTime:0.000205s ]
INFO: [ app_begin ] --START--
INFO: Run Behavior\ReadHtmlCacheBehavior [ RunTime:0.000250s ]
INFO: [ app_begin ] --END-- [ RunTime:0.000274s ]
SQL: SHOW COLUMNS FROM `oe_contacts` [ RunTime:0.0061s ]
SQL: SELECT * FROM `oe_contacts` WHERE `user_moblie` = '12345678901'  [ RunTime:0.0004s ]
SQL: SHOW COLUMNS FROM `oe_user` [ RunTime:0.0069s ]
SQL: SELECT * FROM `oe_user` WHERE `user_moblie` = '12345678902' LIMIT 1   [ RunTime:0.0005s ]
SQL: SELECT * FROM `oe_user` WHERE `user_moblie` = '15510922836' LIMIT 1   [ RunTime:0.0003s ]
INFO: [ app_end ] --START--
INFO: Run Behavior\ShowPageTraceBehavior [ RunTime:0.000384s ]
INFO: [ app_end ] --END-- [ RunTime:0.000413s ]

[ 2016-10-14T18:15:08+08:00 ] 192.168.1.102 /OralEduServer/index.php/Home/UserHomepage/HomepageShow?
INFO: [ app_init ] --START--
INFO: Run Behavior\BuildLiteBehavior [ RunTime:0.000017s ]
INFO: [ app_init ] --END-- [ RunTime:0.003874s ]
INFO: [ app_begin ] --START--
INFO: Run Behavior\ReadHtmlCacheBehavior [ RunTime:0.003819s ]
INFO: [ app_begin ] --END-- [ RunTime:0.003891s ]
SQL: SHOW COLUMNS FROM `oe_user` [ RunTime:0.0048s ]
SQL: SELECT * FROM `oe_user` WHERE `user_moblie` = '12345678902' LIMIT 1   [ RunTime:0.0007s ]
INFO: [ app_end ] --START--
INFO: Run Behavior\ShowPageTraceBehavior [ RunTime:0.002974s ]
INFO: [ app_end ] --END-- [ RunTime:0.003032s ]

[ 2016-10-14T18:15:08+08:00 ] 192.168.1.102 /OralEduServer/index.php/Home/UserHomepage/HomepageShow?
INFO: [ app_init ] --START--
INFO: Run Behavior\BuildLiteBehavior [ RunTime:0.000008s ]
INFO: [ app_init ] --END-- [ RunTime:0.000269s ]
INFO: [ app_begin ] --START--
INFO: Run Behavior\ReadHtmlCacheBehavior [ RunTime:0.000304s ]
INFO: [ app_begin ] --END-- [ RunTime:0.000334s ]
SQL: SHOW COLUMNS FROM `oe_user` [ RunTime:0.0041s ]
SQL: SELECT * FROM `oe_user` WHERE `user_moblie` = '12345678902' LIMIT 1   [ RunTime:0.0004s ]
INFO: [ app_end ] --START--
INFO: Run Behavior\ShowPageTraceBehavior [ RunTime:0.000374s ]
INFO: [ app_end ] --END-- [ RunTime:0.000400s ]

[ 2016-10-14T18:15:08+08:00 ] 192.168.1.102 /OralEduServer/index.php/Home/Contact/UserContact?
INFO: [ app_init ] --START--
INFO: Run Behavior\BuildLiteBehavior [ RunTime:0.000010s ]
INFO: [ app_init ] --END-- [ RunTime:0.000295s ]
INFO: [ app_begin ] --START--
INFO: Run Behavior\ReadHtmlCacheBehavior [ RunTime:0.000493s ]
INFO: [ app_begin ] --END-- [ RunTime:0.000528s ]
SQL: SHOW COLUMNS FROM `oe_contacts` [ RunTime:0.0041s ]
SQL: SELECT * FROM `oe_contacts` WHERE `user_moblie` = '12345678902'  [ RunTime:0.0003s ]
SQL: SHOW COLUMNS FROM `oe_user` [ RunTime:0.0076s ]
SQL: SELECT * FROM `oe_user` WHERE `user_moblie` = '12345678901' LIMIT 1   [ RunTime:0.0005s ]
SQL: SELECT * FROM `oe_user` WHERE `user_moblie` = '15510922836' LIMIT 1   [ RunTime:0.0004s ]
INFO: [ app_end ] --START--
INFO: Run Behavior\ShowPageTraceBehavior [ RunTime:0.000526s ]
INFO: [ app_end ] --END-- [ RunTime:0.000558s ]

[ 2016-10-14T18:15:31+08:00 ] 192.168.1.101 /OralEduServer/index.php/Home/User/UserLogin
INFO: [ app_init ] --START--
INFO: Run Behavior\BuildLiteBehavior [ RunTime:0.000008s ]
INFO: [ app_init ] --END-- [ RunTime:0.000282s ]
INFO: [ app_begin ] --START--
INFO: Run Behavior\ReadHtmlCacheBehavior [ RunTime:0.000294s ]
INFO: [ app_begin ] --END-- [ RunTime:0.000324s ]
SQL: SHOW COLUMNS FROM `oe_user` [ RunTime:0.0067s ]
SQL: SELECT * FROM `oe_user` WHERE `user_moblie` = '12345678901' LIMIT 1   [ RunTime:0.0005s ]
INFO: [ app_end ] --START--
INFO: Run Behavior\ShowPageTraceBehavior [ RunTime:0.000506s ]
INFO: [ app_end ] --END-- [ RunTime:0.000540s ]

[ 2016-10-14T18:15:38+08:00 ] 192.168.1.101 /OralEduServer/index.php/Home/User/UserLogin
INFO: [ app_init ] --START--
INFO: Run Behavior\BuildLiteBehavior [ RunTime:0.000009s ]
INFO: [ app_init ] --END-- [ RunTime:0.000293s ]
INFO: [ app_begin ] --START--
INFO: Run Behavior\ReadHtmlCacheBehavior [ RunTime:0.000295s ]
INFO: [ app_begin ] --END-- [ RunTime:0.000323s ]
SQL: SHOW COLUMNS FROM `oe_user` [ RunTime:0.0063s ]
SQL: SELECT * FROM `oe_user` WHERE `user_moblie` = '12345678901' LIMIT 1   [ RunTime:0.0004s ]
INFO: [ app_end ] --START--
INFO: Run Behavior\ShowPageTraceBehavior [ RunTime:0.000420s ]
INFO: [ app_end ] --END-- [ RunTime:0.000447s ]

[ 2016-10-14T18:15:38+08:00 ] 192.168.1.101 /OralEduServer/index.php/Home/UserHomepage/HomepageShow?
INFO: [ app_init ] --START--
INFO: Run Behavior\BuildLiteBehavior [ RunTime:0.000012s ]
INFO: [ app_init ] --END-- [ RunTime:0.000316s ]
INFO: [ app_begin ] --START--
INFO: Run Behavior\ReadHtmlCacheBehavior [ RunTime:0.000300s ]
INFO: [ app_begin ] --END-- [ RunTime:0.000327s ]
SQL: SHOW COLUMNS FROM `oe_user` [ RunTime:0.0060s ]
SQL: SELECT * FROM `oe_user` WHERE `user_moblie` = '12345678901' LIMIT 1   [ RunTime:0.0004s ]
INFO: [ app_end ] --START--
INFO: Run Behavior\ShowPageTraceBehavior [ RunTime:0.000341s ]
INFO: [ app_end ] --END-- [ RunTime:0.000369s ]

[ 2016-10-14T18:15:38+08:00 ] 192.168.1.101 /OralEduServer/index.php/Home/Contact/UserContact?
INFO: [ app_init ] --START--
INFO: Run Behavior\BuildLiteBehavior [ RunTime:0.000006s ]
INFO: [ app_init ] --END-- [ RunTime:0.000197s ]
INFO: [ app_begin ] --START--
INFO: Run Behavior\ReadHtmlCacheBehavior [ RunTime:0.000244s ]
INFO: [ app_begin ] --END-- [ RunTime:0.000268s ]
SQL: SHOW COLUMNS FROM `oe_contacts` [ RunTime:0.0030s ]
SQL: SELECT * FROM `oe_contacts` WHERE `user_moblie` = '12345678901'  [ RunTime:0.0006s ]
SQL: SHOW COLUMNS FROM `oe_user` [ RunTime:0.0033s ]
SQL: SELECT * FROM `oe_user` WHERE `user_moblie` = '12345678902' LIMIT 1   [ RunTime:0.0004s ]
SQL: SELECT * FROM `oe_user` WHERE `user_moblie` = '15510922836' LIMIT 1   [ RunTime:0.0003s ]
INFO: [ app_end ] --START--
INFO: Run Behavior\ShowPageTraceBehavior [ RunTime:0.000337s ]
INFO: [ app_end ] --END-- [ RunTime:0.000358s ]

[ 2016-10-14T18:15:38+08:00 ] 192.168.1.101 /OralEduServer/index.php/Home/UserHomepage/HomepageShow?
INFO: [ app_init ] --START--
INFO: Run Behavior\BuildLiteBehavior [ RunTime:0.000006s ]
INFO: [ app_init ] --END-- [ RunTime:0.000189s ]
INFO: [ app_begin ] --START--
INFO: Run Behavior\ReadHtmlCacheBehavior [ RunTime:0.000242s ]
INFO: [ app_begin ] --END-- [ RunTime:0.000264s ]
SQL: SHOW COLUMNS FROM `oe_user` [ RunTime:0.0044s ]
SQL: SELECT * FROM `oe_user` WHERE `user_moblie` = '12345678901' LIMIT 1   [ RunTime:0.0004s ]
INFO: [ app_end ] --START--
INFO: Run Behavior\ShowPageTraceBehavior [ RunTime:0.000416s ]
INFO: [ app_end ] --END-- [ RunTime:0.000441s ]

[ 2016-10-14T18:15:41+08:00 ] 192.168.1.101 /OralEduServer/index.php/Home/Userspage/HomepageShow?
INFO: [ app_init ] --START--
INFO: Run Behavior\BuildLiteBehavior [ RunTime:0.000008s ]
INFO: [ app_init ] --END-- [ RunTime:0.000260s ]
INFO: [ app_begin ] --START--
INFO: Run Behavior\ReadHtmlCacheBehavior [ RunTime:0.000291s ]
INFO: [ app_begin ] --END-- [ RunTime:0.000319s ]
SQL: SHOW COLUMNS FROM `oe_user` [ RunTime:0.0066s ]
SQL: SELECT * FROM `oe_user` WHERE `user_moblie` = '12345678902' LIMIT 1   [ RunTime:0.0007s ]
INFO: [ app_end ] --START--
INFO: Run Behavior\ShowPageTraceBehavior [ RunTime:0.000615s ]
INFO: [ app_end ] --END-- [ RunTime:0.000658s ]

[ 2016-10-14T18:15:44+08:00 ] 192.168.1.102 /OralEduServer/index.php/Home/UserHomepage/HomepageShow?
INFO: [ app_init ] --START--
INFO: Run Behavior\BuildLiteBehavior [ RunTime:0.000008s ]
INFO: [ app_init ] --END-- [ RunTime:0.000240s ]
INFO: [ app_begin ] --START--
INFO: Run Behavior\ReadHtmlCacheBehavior [ RunTime:0.000300s ]
INFO: [ app_begin ] --END-- [ RunTime:0.000329s ]
SQL: SHOW COLUMNS FROM `oe_user` [ RunTime:0.0065s ]
SQL: SELECT * FROM `oe_user` WHERE `user_moblie` = '12345678902' LIMIT 1   [ RunTime:0.0007s ]
INFO: [ app_end ] --START--
INFO: Run Behavior\ShowPageTraceBehavior [ RunTime:0.000626s ]
INFO: [ app_end ] --END-- [ RunTime:0.000669s ]

[ 2016-10-14T18:15:44+08:00 ] 192.168.1.102 /OralEduServer/index.php/Home/Contact/UserContact?
INFO: [ app_init ] --START--
INFO: Run Behavior\BuildLiteBehavior [ RunTime:0.000007s ]
INFO: [ app_init ] --END-- [ RunTime:0.000246s ]
INFO: [ app_begin ] --START--
INFO: Run Behavior\ReadHtmlCacheBehavior [ RunTime:0.000301s ]
INFO: [ app_begin ] --END-- [ RunTime:0.000330s ]
SQL: SHOW COLUMNS FROM `oe_contacts` [ RunTime:0.0065s ]
SQL: SELECT * FROM `oe_contacts` WHERE `user_moblie` = '12345678902'  [ RunTime:0.0006s ]
SQL: SHOW COLUMNS FROM `oe_user` [ RunTime:0.0067s ]
SQL: SELECT * FROM `oe_user` WHERE `user_moblie` = '12345678901' LIMIT 1   [ RunTime:0.0007s ]
SQL: SELECT * FROM `oe_user` WHERE `user_moblie` = '15510922836' LIMIT 1   [ RunTime:0.0005s ]
INFO: [ app_end ] --START--
INFO: Run Behavior\ShowPageTraceBehavior [ RunTime:0.000636s ]
INFO: [ app_end ] --END-- [ RunTime:0.000678s ]

[ 2016-10-14T18:47:51+08:00 ] 192.168.1.102 /OralEduServer/index.php/Home/UserHomepage/HomepageShow?
INFO: [ app_init ] --START--
INFO: Run Behavior\BuildLiteBehavior [ RunTime:0.000019s ]
INFO: [ app_init ] --END-- [ RunTime:0.001046s ]
INFO: [ app_begin ] --START--
INFO: Run Behavior\ReadHtmlCacheBehavior [ RunTime:0.000768s ]
INFO: [ app_begin ] --END-- [ RunTime:0.000816s ]
SQL: SHOW COLUMNS FROM `oe_user` [ RunTime:0.0299s ]
SQL: SELECT * FROM `oe_user` WHERE `user_moblie` = '12345678902' LIMIT 1   [ RunTime:0.0410s ]
INFO: [ app_end ] --START--
INFO: Run Behavior\ShowPageTraceBehavior [ RunTime:0.001487s ]
INFO: [ app_end ] --END-- [ RunTime:0.001568s ]

[ 2016-10-14T18:47:51+08:00 ] 192.168.1.102 /OralEduServer/index.php/Home/UserHomepage/HomepageShow?
INFO: [ app_init ] --START--
INFO: Run Behavior\BuildLiteBehavior [ RunTime:0.000021s ]
INFO: [ app_init ] --END-- [ RunTime:0.001086s ]
INFO: [ app_begin ] --START--
INFO: Run Behavior\ReadHtmlCacheBehavior [ RunTime:0.000776s ]
INFO: [ app_begin ] --END-- [ RunTime:0.000825s ]
SQL: SHOW COLUMNS FROM `oe_user` [ RunTime:0.0299s ]
SQL: SELECT * FROM `oe_user` WHERE `user_moblie` = '12345678902' LIMIT 1   [ RunTime:0.0407s ]
INFO: [ app_end ] --START--
INFO: Run Behavior\ShowPageTraceBehavior [ RunTime:0.001412s ]
INFO: [ app_end ] --END-- [ RunTime:0.001491s ]

[ 2016-10-14T18:47:51+08:00 ] 192.168.1.102 /OralEduServer/index.php/Home/Contact/UserContact?
INFO: [ app_init ] --START--
INFO: Run Behavior\BuildLiteBehavior [ RunTime:0.000016s ]
INFO: [ app_init ] --END-- [ RunTime:0.001358s ]
INFO: [ app_begin ] --START--
INFO: Run Behavior\ReadHtmlCacheBehavior [ RunTime:0.000776s ]
INFO: [ app_begin ] --END-- [ RunTime:0.000815s ]
SQL: SHOW COLUMNS FROM `oe_contacts` [ RunTime:0.0299s ]
SQL: SELECT * FROM `oe_contacts` WHERE `user_moblie` = '12345678902'  [ RunTime:0.0407s ]
SQL: SHOW COLUMNS FROM `oe_user` [ RunTime:0.0048s ]
SQL: SELECT * FROM `oe_user` WHERE `user_moblie` = '12345678901' LIMIT 1   [ RunTime:0.0007s ]
SQL: SELECT * FROM `oe_user` WHERE `user_moblie` = '15510922836' LIMIT 1   [ RunTime:0.0009s ]
INFO: [ app_end ] --START--
INFO: Run Behavior\ShowPageTraceBehavior [ RunTime:0.000860s ]
INFO: [ app_end ] --END-- [ RunTime:0.000950s ]

[ 2016-10-14T18:47:53+08:00 ] 192.168.1.100 /OralEduServer/index.php/Home/UserHomepage/HomepageShow?
INFO: [ app_init ] --START--
INFO: Run Behavior\BuildLiteBehavior [ RunTime:0.001068s ]
INFO: [ app_init ] --END-- [ RunTime:0.008793s ]
INFO: [ app_begin ] --START--
INFO: Run Behavior\ReadHtmlCacheBehavior [ RunTime:0.028506s ]
INFO: [ app_begin ] --END-- [ RunTime:0.028604s ]
SQL: SHOW COLUMNS FROM `oe_user` [ RunTime:0.0068s ]
SQL: SELECT * FROM `oe_user` WHERE `user_moblie` = '12345678901' LIMIT 1   [ RunTime:0.0010s ]
INFO: [ app_end ] --START--
INFO: Run Behavior\ShowPageTraceBehavior [ RunTime:0.001511s ]
INFO: [ app_end ] --END-- [ RunTime:0.001576s ]

[ 2016-10-14T18:47:53+08:00 ] 192.168.1.100 /OralEduServer/index.php/Home/UserHomepage/HomepageShow?
INFO: [ app_init ] --START--
INFO: Run Behavior\BuildLiteBehavior [ RunTime:0.000017s ]
INFO: [ app_init ] --END-- [ RunTime:0.000414s ]
INFO: [ app_begin ] --START--
INFO: Run Behavior\ReadHtmlCacheBehavior [ RunTime:0.000475s ]
INFO: [ app_begin ] --END-- [ RunTime:0.000520s ]
SQL: SHOW COLUMNS FROM `oe_user` [ RunTime:0.0069s ]
SQL: SELECT * FROM `oe_user` WHERE `user_moblie` = '12345678901' LIMIT 1   [ RunTime:0.0004s ]
INFO: [ app_end ] --START--
INFO: Run Behavior\ShowPageTraceBehavior [ RunTime:0.000726s ]
INFO: [ app_end ] --END-- [ RunTime:0.000774s ]

[ 2016-10-14T18:47:53+08:00 ] 192.168.1.100 /OralEduServer/index.php/Home/Contact/UserContact?
INFO: [ app_init ] --START--
INFO: Run Behavior\BuildLiteBehavior [ RunTime:0.000016s ]
INFO: [ app_init ] --END-- [ RunTime:0.000415s ]
INFO: [ app_begin ] --START--
INFO: Run Behavior\ReadHtmlCacheBehavior [ RunTime:0.000530s ]
INFO: [ app_begin ] --END-- [ RunTime:0.000584s ]
SQL: SHOW COLUMNS FROM `oe_contacts` [ RunTime:0.0054s ]
SQL: SELECT * FROM `oe_contacts` WHERE `user_moblie` = '12345678901'  [ RunTime:0.0005s ]
SQL: SHOW COLUMNS FROM `oe_user` [ RunTime:0.0066s ]
SQL: SELECT * FROM `oe_user` WHERE `user_moblie` = '12345678902' LIMIT 1   [ RunTime:0.0006s ]
SQL: SELECT * FROM `oe_user` WHERE `user_moblie` = '15510922836' LIMIT 1   [ RunTime:0.0005s ]
INFO: [ app_end ] --START--
INFO: Run Behavior\ShowPageTraceBehavior [ RunTime:0.000599s ]
INFO: [ app_end ] --END-- [ RunTime:0.000653s ]

[ 2016-10-14T18:47:57+08:00 ] 192.168.1.102 /OralEduServer/index.php/Home/Userspage/HomepageShow?
INFO: [ app_init ] --START--
INFO: Run Behavior\BuildLiteBehavior [ RunTime:0.000009s ]
INFO: [ app_init ] --END-- [ RunTime:0.000248s ]
INFO: [ app_begin ] --START--
INFO: Run Behavior\ReadHtmlCacheBehavior [ RunTime:0.000260s ]
INFO: [ app_begin ] --END-- [ RunTime:0.000280s ]
SQL: SHOW COLUMNS FROM `oe_user` [ RunTime:0.0065s ]
SQL: SELECT * FROM `oe_user` WHERE `user_moblie` = '12345678901' LIMIT 1   [ RunTime:0.0007s ]
INFO: [ app_end ] --START--
INFO: Run Behavior\ShowPageTraceBehavior [ RunTime:0.000771s ]
INFO: [ app_end ] --END-- [ RunTime:0.000815s ]

[ 2016-10-14T18:48:00+08:00 ] 192.168.1.100 /OralEduServer/index.php/Home/UserHomepage/HomepageShow?
INFO: [ app_init ] --START--
INFO: Run Behavior\BuildLiteBehavior [ RunTime:0.000015s ]
INFO: [ app_init ] --END-- [ RunTime:0.000407s ]
INFO: [ app_begin ] --START--
INFO: Run Behavior\ReadHtmlCacheBehavior [ RunTime:0.000589s ]
INFO: [ app_begin ] --END-- [ RunTime:0.000642s ]
SQL: SHOW COLUMNS FROM `oe_user` [ RunTime:0.0050s ]
SQL: SELECT * FROM `oe_user` WHERE `user_moblie` = '12345678901' LIMIT 1   [ RunTime:0.0005s ]
INFO: [ app_end ] --START--
INFO: Run Behavior\ShowPageTraceBehavior [ RunTime:0.001232s ]
INFO: [ app_end ] --END-- [ RunTime:0.001406s ]

[ 2016-10-14T18:48:00+08:00 ] 192.168.1.100 /OralEduServer/index.php/Home/Contact/UserContact?
INFO: [ app_init ] --START--
INFO: Run Behavior\BuildLiteBehavior [ RunTime:0.000016s ]
INFO: [ app_init ] --END-- [ RunTime:0.000397s ]
INFO: [ app_begin ] --START--
INFO: Run Behavior\ReadHtmlCacheBehavior [ RunTime:0.000415s ]
INFO: [ app_begin ] --END-- [ RunTime:0.000456s ]
SQL: SHOW COLUMNS FROM `oe_contacts` [ RunTime:0.0051s ]
SQL: SELECT * FROM `oe_contacts` WHERE `user_moblie` = '12345678901'  [ RunTime:0.0005s ]
SQL: SHOW COLUMNS FROM `oe_user` [ RunTime:0.0162s ]
SQL: SELECT * FROM `oe_user` WHERE `user_moblie` = '12345678902' LIMIT 1   [ RunTime:0.0006s ]
SQL: SELECT * FROM `oe_user` WHERE `user_moblie` = '15510922836' LIMIT 1   [ RunTime:0.0005s ]
INFO: [ app_end ] --START--
INFO: Run Behavior\ShowPageTraceBehavior [ RunTime:0.000559s ]
INFO: [ app_end ] --END-- [ RunTime:0.000609s ]

[ 2016-10-14T18:51:02+08:00 ] 192.168.1.100 /OralEduServer/index.php/Home/UserHomepage/HomepageShow?
INFO: [ app_init ] --START--
INFO: Run Behavior\BuildLiteBehavior [ RunTime:0.000013s ]
INFO: [ app_init ] --END-- [ RunTime:0.000562s ]
INFO: [ app_begin ] --START--
INFO: Run Behavior\ReadHtmlCacheBehavior [ RunTime:0.003555s ]
INFO: [ app_begin ] --END-- [ RunTime:0.003603s ]
SQL: SHOW COLUMNS FROM `oe_user` [ RunTime:0.0109s ]
SQL: SELECT * FROM `oe_user` WHERE `user_moblie` = '12345678901' LIMIT 1   [ RunTime:0.0012s ]
INFO: [ app_end ] --START--
INFO: Run Behavior\ShowPageTraceBehavior [ RunTime:0.002471s ]
INFO: [ app_end ] --END-- [ RunTime:0.002508s ]

[ 2016-10-14T18:51:02+08:00 ] 192.168.1.100 /OralEduServer/index.php/Home/Contact/UserContact?
INFO: [ app_init ] --START--
INFO: Run Behavior\BuildLiteBehavior [ RunTime:0.000010s ]
INFO: [ app_init ] --END-- [ RunTime:0.000766s ]
INFO: [ app_begin ] --START--
INFO: Run Behavior\ReadHtmlCacheBehavior [ RunTime:0.003750s ]
INFO: [ app_begin ] --END-- [ RunTime:0.003814s ]
SQL: SHOW COLUMNS FROM `oe_contacts` [ RunTime:0.0051s ]
SQL: SELECT * FROM `oe_contacts` WHERE `user_moblie` = '12345678901'  [ RunTime:0.0007s ]
SQL: SHOW COLUMNS FROM `oe_user` [ RunTime:0.0054s ]
SQL: SELECT * FROM `oe_user` WHERE `user_moblie` = '12345678902' LIMIT 1   [ RunTime:0.0013s ]
SQL: SELECT * FROM `oe_user` WHERE `user_moblie` = '15510922836' LIMIT 1   [ RunTime:0.0006s ]
INFO: [ app_end ] --START--
INFO: Run Behavior\ShowPageTraceBehavior [ RunTime:0.000731s ]
INFO: [ app_end ] --END-- [ RunTime:0.000782s ]

[ 2016-10-14T18:51:05+08:00 ] 192.168.1.102 /OralEduServer/index.php/Home/UserHomepage/HomepageShow?
INFO: [ app_init ] --START--
INFO: Run Behavior\BuildLiteBehavior [ RunTime:0.000007s ]
INFO: [ app_init ] --END-- [ RunTime:0.000235s ]
INFO: [ app_begin ] --START--
INFO: Run Behavior\ReadHtmlCacheBehavior [ RunTime:0.000285s ]
INFO: [ app_begin ] --END-- [ RunTime:0.000308s ]
SQL: SHOW COLUMNS FROM `oe_user` [ RunTime:0.0045s ]
SQL: SELECT * FROM `oe_user` WHERE `user_moblie` = '12345678902' LIMIT 1   [ RunTime:0.0005s ]
INFO: [ app_end ] --START--
INFO: Run Behavior\ShowPageTraceBehavior [ RunTime:0.000548s ]
INFO: [ app_end ] --END-- [ RunTime:0.000621s ]

[ 2016-10-14T18:51:05+08:00 ] 192.168.1.102 /OralEduServer/index.php/Home/Contact/UserContact?
INFO: [ app_init ] --START--
INFO: Run Behavior\BuildLiteBehavior [ RunTime:0.000006s ]
INFO: [ app_init ] --END-- [ RunTime:0.000243s ]
INFO: [ app_begin ] --START--
INFO: Run Behavior\ReadHtmlCacheBehavior [ RunTime:0.000287s ]
INFO: [ app_begin ] --END-- [ RunTime:0.000309s ]
SQL: SHOW COLUMNS FROM `oe_contacts` [ RunTime:0.0044s ]
SQL: SELECT * FROM `oe_contacts` WHERE `user_moblie` = '12345678902'  [ RunTime:0.0004s ]
SQL: SHOW COLUMNS FROM `oe_user` [ RunTime:0.0072s ]
SQL: SELECT * FROM `oe_user` WHERE `user_moblie` = '12345678901' LIMIT 1   [ RunTime:0.0006s ]
SQL: SELECT * FROM `oe_user` WHERE `user_moblie` = '15510922836' LIMIT 1   [ RunTime:0.0004s ]
INFO: [ app_end ] --START--
INFO: Run Behavior\ShowPageTraceBehavior [ RunTime:0.000517s ]
INFO: [ app_end ] --END-- [ RunTime:0.000548s ]

[ 2016-10-14T18:51:36+08:00 ] 192.168.1.102 /OralEduServer/index.php/Home/Userspage/HomepageShow?
INFO: [ app_init ] --START--
INFO: Run Behavior\BuildLiteBehavior [ RunTime:0.000008s ]
INFO: [ app_init ] --END-- [ RunTime:0.000281s ]
INFO: [ app_begin ] --START--
INFO: Run Behavior\ReadHtmlCacheBehavior [ RunTime:0.000319s ]
INFO: [ app_begin ] --END-- [ RunTime:0.000351s ]
SQL: SHOW COLUMNS FROM `oe_user` [ RunTime:0.0064s ]
SQL: SELECT * FROM `oe_user` WHERE `user_moblie` = '12345678901' LIMIT 1   [ RunTime:0.0007s ]
INFO: [ app_end ] --START--
INFO: Run Behavior\ShowPageTraceBehavior [ RunTime:0.000633s ]
INFO: [ app_end ] --END-- [ RunTime:0.000676s ]

[ 2016-10-14T18:51:38+08:00 ] 192.168.1.100 /OralEduServer/index.php/Home/UserHomepage/HomepageShow?
INFO: [ app_init ] --START--
INFO: Run Behavior\BuildLiteBehavior [ RunTime:0.000012s ]
INFO: [ app_init ] --END-- [ RunTime:0.000623s ]
INFO: [ app_begin ] --START--
INFO: Run Behavior\ReadHtmlCacheBehavior [ RunTime:0.000478s ]
INFO: [ app_begin ] --END-- [ RunTime:0.000522s ]
SQL: SHOW COLUMNS FROM `oe_user` [ RunTime:0.0042s ]
SQL: SELECT * FROM `oe_user` WHERE `user_moblie` = '12345678901' LIMIT 1   [ RunTime:0.0004s ]
INFO: [ app_end ] --START--
INFO: Run Behavior\ShowPageTraceBehavior [ RunTime:0.000388s ]
INFO: [ app_end ] --END-- [ RunTime:0.000417s ]

[ 2016-10-14T18:51:38+08:00 ] 192.168.1.100 /OralEduServer/index.php/Home/Contact/UserContact?
INFO: [ app_init ] --START--
INFO: Run Behavior\BuildLiteBehavior [ RunTime:0.000014s ]
INFO: [ app_init ] --END-- [ RunTime:0.000339s ]
INFO: [ app_begin ] --START--
INFO: Run Behavior\ReadHtmlCacheBehavior [ RunTime:0.000478s ]
INFO: [ app_begin ] --END-- [ RunTime:0.000523s ]
SQL: SHOW COLUMNS FROM `oe_contacts` [ RunTime:0.0063s ]
SQL: SELECT * FROM `oe_contacts` WHERE `user_moblie` = '12345678901'  [ RunTime:0.0003s ]
SQL: SHOW COLUMNS FROM `oe_user` [ RunTime:0.0051s ]
SQL: SELECT * FROM `oe_user` WHERE `user_moblie` = '12345678902' LIMIT 1   [ RunTime:0.0010s ]
SQL: SELECT * FROM `oe_user` WHERE `user_moblie` = '15510922836' LIMIT 1   [ RunTime:0.0013s ]
INFO: [ app_end ] --START--
INFO: Run Behavior\ShowPageTraceBehavior [ RunTime:0.000749s ]
INFO: [ app_end ] --END-- [ RunTime:0.000819s ]

